

Microchip MPLAB XC8 Assembler V3.10 build 20250813170317 
                                                                                               Tue Feb 10 07:57:50 2026

Microchip MPLAB XC8 C Compiler v3.10 (Free license) build 20250813170317 Og1 
     1                           	processor	18F4580
     2                           	fnconf	rparam,??,?,0
     3                           	pagewidth 120
     4                           	opt	flic
     5                           	psect	idataCOMRAM,global,class=CODE,space=0,delta=1,noexec
     6                           	psect	cinit,global,reloc=2,class=CODE,space=0,delta=1
     7                           	psect	bssCOMRAM,global,class=COMRAM,space=1,delta=1,lowdata,noexec
     8                           	psect	dataCOMRAM,global,class=COMRAM,space=1,delta=1,lowdata,noexec
     9                           	psect	cstackCOMRAM,global,class=COMRAM,space=1,delta=1,lowdata,noexec
    10                           	psect	text0,global,reloc=2,class=CODE,space=0,delta=1
    11                           	psect	text1,global,reloc=2,class=CODE,space=0,delta=1
    12                           	psect	text2,global,reloc=2,class=CODE,space=0,delta=1
    13                           	psect	text3,global,reloc=2,class=CODE,space=0,delta=1
    14                           	psect	smallconst,global,reloc=2,class=SMALLCONST,space=0,delta=1,noexec
    15                           	psect	intsave_regs,global,class=BIGRAM,space=1,delta=1,noexec
    16                           	psect	rparam,global,class=COMRAM,space=1,delta=1,noexec
    17   000000                     
    18                           ; Generated 17/01/2025 GMT
    19                           ; 
    20                           ; Copyright © 2025, Microchip Technology Inc. and its subsidiaries ("Microchip")
    21                           ; All rights reserved.
    22                           ; 
    23                           ; This software is developed by Microchip Technology Inc. and its subsidiaries ("Microch
      +                          ip").
    24                           ; 
    25                           ; Redistribution and use in source and binary forms, with or without modification, are
    26                           ; permitted provided that the following conditions are met:
    27                           ; 
    28                           ;     1. Redistributions of source code must retain the above copyright notice, this lis
      +                          t of
    29                           ;        conditions and the following disclaimer.
    30                           ; 
    31                           ;     2. Redistributions in binary form must reproduce the above copyright notice, this 
      +                          list
    32                           ;        of conditions and the following disclaimer in the documentation and/or other
    33                           ;        materials provided with the distribution. Publication is not required when
    34                           ;        this file is used in an embedded application.
    35                           ; 
    36                           ;     3. Microchip's name may not be used to endorse or promote products derived from th
      +                          is
    37                           ;        software without specific prior written permission.
    38                           ; 
    39                           ; THIS SOFTWARE IS PROVIDED BY MICROCHIP "AS IS" AND ANY EXPRESS OR IMPLIED WARRANTIES,
    40                           ; INCLUDING, BUT NOT LIMITED TO, THE IMPLIED WARRANTIES OF MERCHANTABILITY AND FITNESS F
      +                          OR
    41                           ; PURPOSE ARE DISCLAIMED.  IN NO EVENT SHALL MICROCHIP BE LIABLE FOR ANY DIRECT, INDIREC
      +                          T,
    42                           ; INCIDENTAL, SPECIAL, EXEMPLARY, OR CONSEQUENTIAL DAMAGES (INCLUDING BUT NOT LIMITED TO
    43                           ; PROCUREMENT OF SUBSTITUTE GOODS OR SERVICES; LOSS OF USE, DATA OR PROFITS; OR BUSINESS
    44                           ; INTERRUPTION) HOWSOEVER CAUSED AND ON ANY THEORY OF LIABILITY, WHETHER IN CONTRACT, ST
      +                          RICT
    45                           ; LIABILITY, OR TORT (INCLUDING NEGLIGENCE OR OTHERWISE) ARISING IN ANY WAY OUT OF THE U
      +                          SE OF
    46                           ; THIS SOFTWARE, EVEN IF ADVISED OF THE POSSIBILITY OF SUCH DAMAGE.
    47                           ; 
    48                           ; 
    49                           ; Code-generator required, PIC18F4580 Definitions
    50                           ; 
    51                           ; SFR Addresses
    52   000FE0                     bsr             equ	4064
    53   000FE9                     fsr0            equ	4073
    54   000FEA                     fsr0h           equ	4074
    55   000FE9                     fsr0l           equ	4073
    56   000FE1                     fsr1            equ	4065
    57   000FE2                     fsr1h           equ	4066
    58   000FE1                     fsr1l           equ	4065
    59   000FD9                     fsr2            equ	4057
    60   000FDA                     fsr2h           equ	4058
    61   000FD9                     fsr2l           equ	4057
    62   000FEF                     indf0           equ	4079
    63   000FE7                     indf1           equ	4071
    64   000FDF                     indf2           equ	4063
    65   000FF2                     intcon          equ	4082
    66   000000                     nvmcon          equ	0
    67   000FF9                     pcl             equ	4089
    68   000FFA                     pclath          equ	4090
    69   000FFB                     pclatu          equ	4091
    70   000FEB                     plusw0          equ	4075
    71   000FE3                     plusw1          equ	4067
    72   000FDB                     plusw2          equ	4059
    73   000FED                     postdec0        equ	4077
    74   000FE5                     postdec1        equ	4069
    75   000FDD                     postdec2        equ	4061
    76   000FEE                     postinc0        equ	4078
    77   000FE6                     postinc1        equ	4070
    78   000FDE                     postinc2        equ	4062
    79   000FEC                     preinc0         equ	4076
    80   000FE4                     preinc1         equ	4068
    81   000FDC                     preinc2         equ	4060
    82   000FF3                     prod            equ	4083
    83   000FF4                     prodh           equ	4084
    84   000FF3                     prodl           equ	4083
    85   000FD8                     status          equ	4056
    86   000FF5                     tablat          equ	4085
    87   000FF6                     tblptr          equ	4086
    88   000FF7                     tblptrh         equ	4087
    89   000FF6                     tblptrl         equ	4086
    90   000FF8                     tblptru         equ	4088
    91   000FFD                     tosl            equ	4093
    92   000FE8                     wreg            equ	4072
    93   000D60                     RXF6SIDH        equ	3424	;# 
    94   000D61                     RXF6SIDL        equ	3425	;# 
    95   000D62                     RXF6EIDH        equ	3426	;# 
    96   000D63                     RXF6EIDL        equ	3427	;# 
    97   000D64                     RXF7SIDH        equ	3428	;# 
    98   000D65                     RXF7SIDL        equ	3429	;# 
    99   000D66                     RXF7EIDH        equ	3430	;# 
   100   000D67                     RXF7EIDL        equ	3431	;# 
   101   000D68                     RXF8SIDH        equ	3432	;# 
   102   000D69                     RXF8SIDL        equ	3433	;# 
   103   000D6A                     RXF8EIDH        equ	3434	;# 
   104   000D6B                     RXF8EIDL        equ	3435	;# 
   105   000D70                     RXF9SIDH        equ	3440	;# 
   106   000D71                     RXF9SIDL        equ	3441	;# 
   107   000D72                     RXF9EIDH        equ	3442	;# 
   108   000D73                     RXF9EIDL        equ	3443	;# 
   109   000D74                     RXF10SIDH       equ	3444	;# 
   110   000D75                     RXF10SIDL       equ	3445	;# 
   111   000D76                     RXF10EIDH       equ	3446	;# 
   112   000D77                     RXF10EIDL       equ	3447	;# 
   113   000D78                     RXF11SIDH       equ	3448	;# 
   114   000D79                     RXF11SIDL       equ	3449	;# 
   115   000D7A                     RXF11EIDH       equ	3450	;# 
   116   000D7B                     RXF11EIDL       equ	3451	;# 
   117   000D80                     RXF12SIDH       equ	3456	;# 
   118   000D81                     RXF12SIDL       equ	3457	;# 
   119   000D82                     RXF12EIDH       equ	3458	;# 
   120   000D83                     RXF12EIDL       equ	3459	;# 
   121   000D84                     RXF13SIDH       equ	3460	;# 
   122   000D85                     RXF13SIDL       equ	3461	;# 
   123   000D86                     RXF13EIDH       equ	3462	;# 
   124   000D87                     RXF13EIDL       equ	3463	;# 
   125   000D88                     RXF14SIDH       equ	3464	;# 
   126   000D89                     RXF14SIDL       equ	3465	;# 
   127   000D8A                     RXF14EIDH       equ	3466	;# 
   128   000D8B                     RXF14EIDL       equ	3467	;# 
   129   000D90                     RXF15SIDH       equ	3472	;# 
   130   000D91                     RXF15SIDL       equ	3473	;# 
   131   000D92                     RXF15EIDH       equ	3474	;# 
   132   000D93                     RXF15EIDL       equ	3475	;# 
   133   000DD4                     RXFCON0         equ	3540	;# 
   134   000DD5                     RXFCON1         equ	3541	;# 
   135   000DD8                     SDFLC           equ	3544	;# 
   136   000DE0                     RXFBCON0        equ	3552	;# 
   137   000DE1                     RXFBCON1        equ	3553	;# 
   138   000DE2                     RXFBCON2        equ	3554	;# 
   139   000DE3                     RXFBCON3        equ	3555	;# 
   140   000DE4                     RXFBCON4        equ	3556	;# 
   141   000DE5                     RXFBCON5        equ	3557	;# 
   142   000DE6                     RXFBCON6        equ	3558	;# 
   143   000DE7                     RXFBCON7        equ	3559	;# 
   144   000DF0                     MSEL0           equ	3568	;# 
   145   000DF1                     MSEL1           equ	3569	;# 
   146   000DF2                     MSEL2           equ	3570	;# 
   147   000DF3                     MSEL3           equ	3571	;# 
   148   000DF8                     BSEL0           equ	3576	;# 
   149   000DFA                     BIE0            equ	3578	;# 
   150   000DFC                     TXBIE           equ	3580	;# 
   151   000E20                     B0CON           equ	3616	;# 
   152   000E21                     B0SIDH          equ	3617	;# 
   153   000E22                     B0SIDL          equ	3618	;# 
   154   000E23                     B0EIDH          equ	3619	;# 
   155   000E24                     B0EIDL          equ	3620	;# 
   156   000E25                     B0DLC           equ	3621	;# 
   157   000E26                     B0D0            equ	3622	;# 
   158   000E27                     B0D1            equ	3623	;# 
   159   000E28                     B0D2            equ	3624	;# 
   160   000E29                     B0D3            equ	3625	;# 
   161   000E2A                     B0D4            equ	3626	;# 
   162   000E2B                     B0D5            equ	3627	;# 
   163   000E2C                     B0D6            equ	3628	;# 
   164   000E2D                     B0D7            equ	3629	;# 
   165   000E2E                     CANSTAT_RO9     equ	3630	;# 
   166   000E2F                     CANCON_RO9      equ	3631	;# 
   167   000E30                     B1CON           equ	3632	;# 
   168   000E31                     B1SIDH          equ	3633	;# 
   169   000E32                     B1SIDL          equ	3634	;# 
   170   000E33                     B1EIDH          equ	3635	;# 
   171   000E34                     B1EIDL          equ	3636	;# 
   172   000E35                     B1DLC           equ	3637	;# 
   173   000E36                     B1D0            equ	3638	;# 
   174   000E37                     B1D1            equ	3639	;# 
   175   000E38                     B1D2            equ	3640	;# 
   176   000E39                     B1D3            equ	3641	;# 
   177   000E3A                     B1D4            equ	3642	;# 
   178   000E3B                     B1D5            equ	3643	;# 
   179   000E3C                     B1D6            equ	3644	;# 
   180   000E3D                     B1D7            equ	3645	;# 
   181   000E3E                     CANSTAT_RO8     equ	3646	;# 
   182   000E3F                     CANCON_RO8      equ	3647	;# 
   183   000E40                     B2CON           equ	3648	;# 
   184   000E41                     B2SIDH          equ	3649	;# 
   185   000E42                     B2SIDL          equ	3650	;# 
   186   000E43                     B2EIDH          equ	3651	;# 
   187   000E44                     B2EIDL          equ	3652	;# 
   188   000E45                     B2DLC           equ	3653	;# 
   189   000E46                     B2D0            equ	3654	;# 
   190   000E47                     B2D1            equ	3655	;# 
   191   000E48                     B2D2            equ	3656	;# 
   192   000E49                     B2D3            equ	3657	;# 
   193   000E4A                     B2D4            equ	3658	;# 
   194   000E4B                     B2D5            equ	3659	;# 
   195   000E4C                     B2D6            equ	3660	;# 
   196   000E4D                     B2D7            equ	3661	;# 
   197   000E4E                     CANSTAT_RO7     equ	3662	;# 
   198   000E4F                     CANCON_RO7      equ	3663	;# 
   199   000E50                     B3CON           equ	3664	;# 
   200   000E51                     B3SIDH          equ	3665	;# 
   201   000E52                     B3SIDL          equ	3666	;# 
   202   000E53                     B3EIDH          equ	3667	;# 
   203   000E54                     B3EIDL          equ	3668	;# 
   204   000E55                     B3DLC           equ	3669	;# 
   205   000E56                     B3D0            equ	3670	;# 
   206   000E57                     B3D1            equ	3671	;# 
   207   000E58                     B3D2            equ	3672	;# 
   208   000E59                     B3D3            equ	3673	;# 
   209   000E5A                     B3D4            equ	3674	;# 
   210   000E5B                     B3D5            equ	3675	;# 
   211   000E5C                     B3D6            equ	3676	;# 
   212   000E5D                     B3D7            equ	3677	;# 
   213   000E5E                     CANSTAT_RO6     equ	3678	;# 
   214   000E5F                     CANCON_RO6      equ	3679	;# 
   215   000E60                     B4CON           equ	3680	;# 
   216   000E61                     B4SIDH          equ	3681	;# 
   217   000E62                     B4SIDL          equ	3682	;# 
   218   000E63                     B4EIDH          equ	3683	;# 
   219   000E64                     B4EIDL          equ	3684	;# 
   220   000E65                     B4DLC           equ	3685	;# 
   221   000E66                     B4D0            equ	3686	;# 
   222   000E67                     B4D1            equ	3687	;# 
   223   000E68                     B4D2            equ	3688	;# 
   224   000E69                     B4D3            equ	3689	;# 
   225   000E6A                     B4D4            equ	3690	;# 
   226   000E6B                     B4D5            equ	3691	;# 
   227   000E6C                     B4D6            equ	3692	;# 
   228   000E6D                     B4D7            equ	3693	;# 
   229   000E6E                     CANSTAT_RO5     equ	3694	;# 
   230   000E6F                     CANCON_RO5      equ	3695	;# 
   231   000E70                     B5CON           equ	3696	;# 
   232   000E71                     B5SIDH          equ	3697	;# 
   233   000E72                     B5SIDL          equ	3698	;# 
   234   000E73                     B5EIDH          equ	3699	;# 
   235   000E74                     B5EIDL          equ	3700	;# 
   236   000E75                     B5DLC           equ	3701	;# 
   237   000E76                     B5D0            equ	3702	;# 
   238   000E77                     B5D1            equ	3703	;# 
   239   000E78                     B5D2            equ	3704	;# 
   240   000E79                     B5D3            equ	3705	;# 
   241   000E7A                     B5D4            equ	3706	;# 
   242   000E7B                     B5D5            equ	3707	;# 
   243   000E7C                     B5D6            equ	3708	;# 
   244   000E7D                     B5D7            equ	3709	;# 
   245   000E7E                     CANSTAT_RO4     equ	3710	;# 
   246   000E7F                     CANCON_RO4      equ	3711	;# 
   247   000F00                     RXF0SIDH        equ	3840	;# 
   248   000F01                     RXF0SIDL        equ	3841	;# 
   249   000F02                     RXF0EIDH        equ	3842	;# 
   250   000F03                     RXF0EIDL        equ	3843	;# 
   251   000F04                     RXF1SIDH        equ	3844	;# 
   252   000F05                     RXF1SIDL        equ	3845	;# 
   253   000F06                     RXF1EIDH        equ	3846	;# 
   254   000F07                     RXF1EIDL        equ	3847	;# 
   255   000F08                     RXF2SIDH        equ	3848	;# 
   256   000F09                     RXF2SIDL        equ	3849	;# 
   257   000F0A                     RXF2EIDH        equ	3850	;# 
   258   000F0B                     RXF2EIDL        equ	3851	;# 
   259   000F0C                     RXF3SIDH        equ	3852	;# 
   260   000F0D                     RXF3SIDL        equ	3853	;# 
   261   000F0E                     RXF3EIDH        equ	3854	;# 
   262   000F0F                     RXF3EIDL        equ	3855	;# 
   263   000F10                     RXF4SIDH        equ	3856	;# 
   264   000F11                     RXF4SIDL        equ	3857	;# 
   265   000F12                     RXF4EIDH        equ	3858	;# 
   266   000F13                     RXF4EIDL        equ	3859	;# 
   267   000F14                     RXF5SIDH        equ	3860	;# 
   268   000F15                     RXF5SIDL        equ	3861	;# 
   269   000F16                     RXF5EIDH        equ	3862	;# 
   270   000F17                     RXF5EIDL        equ	3863	;# 
   271   000F18                     RXM0SIDH        equ	3864	;# 
   272   000F19                     RXM0SIDL        equ	3865	;# 
   273   000F1A                     RXM0EIDH        equ	3866	;# 
   274   000F1B                     RXM0EIDL        equ	3867	;# 
   275   000F1C                     RXM1SIDH        equ	3868	;# 
   276   000F1D                     RXM1SIDL        equ	3869	;# 
   277   000F1E                     RXM1EIDH        equ	3870	;# 
   278   000F1F                     RXM1EIDL        equ	3871	;# 
   279   000F20                     TXB2CON         equ	3872	;# 
   280   000F21                     TXB2SIDH        equ	3873	;# 
   281   000F22                     TXB2SIDL        equ	3874	;# 
   282   000F23                     TXB2EIDH        equ	3875	;# 
   283   000F24                     TXB2EIDL        equ	3876	;# 
   284   000F25                     TXB2DLC         equ	3877	;# 
   285   000F26                     TXB2D0          equ	3878	;# 
   286   000F27                     TXB2D1          equ	3879	;# 
   287   000F28                     TXB2D2          equ	3880	;# 
   288   000F29                     TXB2D3          equ	3881	;# 
   289   000F2A                     TXB2D4          equ	3882	;# 
   290   000F2B                     TXB2D5          equ	3883	;# 
   291   000F2C                     TXB2D6          equ	3884	;# 
   292   000F2D                     TXB2D7          equ	3885	;# 
   293   000F2E                     CANSTAT_RO3     equ	3886	;# 
   294   000F2F                     CANCON_RO3      equ	3887	;# 
   295   000F30                     TXB1CON         equ	3888	;# 
   296   000F31                     TXB1SIDH        equ	3889	;# 
   297   000F32                     TXB1SIDL        equ	3890	;# 
   298   000F33                     TXB1EIDH        equ	3891	;# 
   299   000F34                     TXB1EIDL        equ	3892	;# 
   300   000F35                     TXB1DLC         equ	3893	;# 
   301   000F36                     TXB1D0          equ	3894	;# 
   302   000F37                     TXB1D1          equ	3895	;# 
   303   000F38                     TXB1D2          equ	3896	;# 
   304   000F39                     TXB1D3          equ	3897	;# 
   305   000F3A                     TXB1D4          equ	3898	;# 
   306   000F3B                     TXB1D5          equ	3899	;# 
   307   000F3C                     TXB1D6          equ	3900	;# 
   308   000F3D                     TXB1D7          equ	3901	;# 
   309   000F3E                     CANSTAT_RO2     equ	3902	;# 
   310   000F3F                     CANCON_RO2      equ	3903	;# 
   311   000F40                     TXB0CON         equ	3904	;# 
   312   000F41                     TXB0SIDH        equ	3905	;# 
   313   000F42                     TXB0SIDL        equ	3906	;# 
   314   000F43                     TXB0EIDH        equ	3907	;# 
   315   000F44                     TXB0EIDL        equ	3908	;# 
   316   000F45                     TXB0DLC         equ	3909	;# 
   317   000F46                     TXB0D0          equ	3910	;# 
   318   000F47                     TXB0D1          equ	3911	;# 
   319   000F48                     TXB0D2          equ	3912	;# 
   320   000F49                     TXB0D3          equ	3913	;# 
   321   000F4A                     TXB0D4          equ	3914	;# 
   322   000F4B                     TXB0D5          equ	3915	;# 
   323   000F4C                     TXB0D6          equ	3916	;# 
   324   000F4D                     TXB0D7          equ	3917	;# 
   325   000F4E                     CANSTAT_RO1     equ	3918	;# 
   326   000F4F                     CANCON_RO1      equ	3919	;# 
   327   000F50                     RXB1CON         equ	3920	;# 
   328   000F51                     RXB1SIDH        equ	3921	;# 
   329   000F52                     RXB1SIDL        equ	3922	;# 
   330   000F53                     RXB1EIDH        equ	3923	;# 
   331   000F54                     RXB1EIDL        equ	3924	;# 
   332   000F55                     RXB1DLC         equ	3925	;# 
   333   000F56                     RXB1D0          equ	3926	;# 
   334   000F57                     RXB1D1          equ	3927	;# 
   335   000F58                     RXB1D2          equ	3928	;# 
   336   000F59                     RXB1D3          equ	3929	;# 
   337   000F5A                     RXB1D4          equ	3930	;# 
   338   000F5B                     RXB1D5          equ	3931	;# 
   339   000F5C                     RXB1D6          equ	3932	;# 
   340   000F5D                     RXB1D7          equ	3933	;# 
   341   000F5E                     CANSTAT_RO0     equ	3934	;# 
   342   000F5F                     CANCON_RO0      equ	3935	;# 
   343   000F60                     RXB0CON         equ	3936	;# 
   344   000F61                     RXB0SIDH        equ	3937	;# 
   345   000F62                     RXB0SIDL        equ	3938	;# 
   346   000F63                     RXB0EIDH        equ	3939	;# 
   347   000F64                     RXB0EIDL        equ	3940	;# 
   348   000F65                     RXB0DLC         equ	3941	;# 
   349   000F66                     RXB0D0          equ	3942	;# 
   350   000F67                     RXB0D1          equ	3943	;# 
   351   000F68                     RXB0D2          equ	3944	;# 
   352   000F69                     RXB0D3          equ	3945	;# 
   353   000F6A                     RXB0D4          equ	3946	;# 
   354   000F6B                     RXB0D5          equ	3947	;# 
   355   000F6C                     RXB0D6          equ	3948	;# 
   356   000F6D                     RXB0D7          equ	3949	;# 
   357   000F6E                     CANSTAT         equ	3950	;# 
   358   000F6F                     CANCON          equ	3951	;# 
   359   000F70                     BRGCON1         equ	3952	;# 
   360   000F71                     BRGCON2         equ	3953	;# 
   361   000F72                     BRGCON3         equ	3954	;# 
   362   000F73                     CIOCON          equ	3955	;# 
   363   000F74                     COMSTAT         equ	3956	;# 
   364   000F75                     RXERRCNT        equ	3957	;# 
   365   000F76                     TXERRCNT        equ	3958	;# 
   366   000F77                     ECANCON         equ	3959	;# 
   367   000F80                     PORTA           equ	3968	;# 
   368   000F81                     PORTB           equ	3969	;# 
   369   000F82                     PORTC           equ	3970	;# 
   370   000F83                     PORTD           equ	3971	;# 
   371   000F84                     PORTE           equ	3972	;# 
   372   000F89                     LATA            equ	3977	;# 
   373   000F8A                     LATB            equ	3978	;# 
   374   000F8B                     LATC            equ	3979	;# 
   375   000F8C                     LATD            equ	3980	;# 
   376   000F8D                     LATE            equ	3981	;# 
   377   000F92                     TRISA           equ	3986	;# 
   378   000F92                     DDRA            equ	3986	;# 
   379   000F93                     TRISB           equ	3987	;# 
   380   000F93                     DDRB            equ	3987	;# 
   381   000F94                     TRISC           equ	3988	;# 
   382   000F94                     DDRC            equ	3988	;# 
   383   000F95                     TRISD           equ	3989	;# 
   384   000F95                     DDRD            equ	3989	;# 
   385   000F96                     TRISE           equ	3990	;# 
   386   000F96                     DDRE            equ	3990	;# 
   387   000F9B                     OSCTUNE         equ	3995	;# 
   388   000F9D                     PIE1            equ	3997	;# 
   389   000F9E                     PIR1            equ	3998	;# 
   390   000F9F                     IPR1            equ	3999	;# 
   391   000FA0                     PIE2            equ	4000	;# 
   392   000FA1                     PIR2            equ	4001	;# 
   393   000FA2                     IPR2            equ	4002	;# 
   394   000FA3                     PIE3            equ	4003	;# 
   395   000FA4                     PIR3            equ	4004	;# 
   396   000FA5                     IPR3            equ	4005	;# 
   397   000FA6                     EECON1          equ	4006	;# 
   398   000FA7                     EECON2          equ	4007	;# 
   399   000FA8                     EEDATA          equ	4008	;# 
   400   000FA9                     EEADR           equ	4009	;# 
   401   000FAB                     RCSTA           equ	4011	;# 
   402   000FAB                     RCSTA1          equ	4011	;# 
   403   000FAC                     TXSTA           equ	4012	;# 
   404   000FAC                     TXSTA1          equ	4012	;# 
   405   000FAD                     TXREG           equ	4013	;# 
   406   000FAD                     TXREG1          equ	4013	;# 
   407   000FAE                     RCREG           equ	4014	;# 
   408   000FAE                     RCREG1          equ	4014	;# 
   409   000FAF                     SPBRG           equ	4015	;# 
   410   000FAF                     SPBRG1          equ	4015	;# 
   411   000FB0                     SPBRGH          equ	4016	;# 
   412   000FB1                     T3CON           equ	4017	;# 
   413   000FB2                     TMR3            equ	4018	;# 
   414   000FB2                     TMR3L           equ	4018	;# 
   415   000FB3                     TMR3H           equ	4019	;# 
   416   000FB4                     CMCON           equ	4020	;# 
   417   000FB5                     CVRCON          equ	4021	;# 
   418   000FB6                     ECCP1AS         equ	4022	;# 
   419   000FB7                     ECCP1DEL        equ	4023	;# 
   420   000FB8                     BAUDCON         equ	4024	;# 
   421   000FB8                     BAUDCTL         equ	4024	;# 
   422   000FBA                     ECCP1CON        equ	4026	;# 
   423   000FBB                     ECCPR1          equ	4027	;# 
   424   000FBB                     ECCPR1L         equ	4027	;# 
   425   000FBC                     ECCPR1H         equ	4028	;# 
   426   000FBD                     CCP1CON         equ	4029	;# 
   427   000FBE                     CCPR1           equ	4030	;# 
   428   000FBE                     CCPR1L          equ	4030	;# 
   429   000FBF                     CCPR1H          equ	4031	;# 
   430   000FC0                     ADCON2          equ	4032	;# 
   431   000FC1                     ADCON1          equ	4033	;# 
   432   000FC2                     ADCON0          equ	4034	;# 
   433   000FC3                     ADRES           equ	4035	;# 
   434   000FC3                     ADRESL          equ	4035	;# 
   435   000FC4                     ADRESH          equ	4036	;# 
   436   000FC5                     SSPCON2         equ	4037	;# 
   437   000FC6                     SSPCON1         equ	4038	;# 
   438   000FC7                     SSPSTAT         equ	4039	;# 
   439   000FC8                     SSPADD          equ	4040	;# 
   440   000FC9                     SSPBUF          equ	4041	;# 
   441   000FCA                     T2CON           equ	4042	;# 
   442   000FCB                     PR2             equ	4043	;# 
   443   000FCB                     MEMCON          equ	4043	;# 
   444   000FCC                     TMR2            equ	4044	;# 
   445   000FCD                     T1CON           equ	4045	;# 
   446   000FCE                     TMR1            equ	4046	;# 
   447   000FCE                     TMR1L           equ	4046	;# 
   448   000FCF                     TMR1H           equ	4047	;# 
   449   000FD0                     RCON            equ	4048	;# 
   450   000FD1                     WDTCON          equ	4049	;# 
   451   000FD2                     HLVDCON         equ	4050	;# 
   452   000FD2                     LVDCON          equ	4050	;# 
   453   000FD3                     OSCCON          equ	4051	;# 
   454   000FD5                     T0CON           equ	4053	;# 
   455   000FD6                     TMR0            equ	4054	;# 
   456   000FD6                     TMR0L           equ	4054	;# 
   457   000FD7                     TMR0H           equ	4055	;# 
   458   000FD8                     STATUS          equ	4056	;# 
   459   000FD9                     FSR2            equ	4057	;# 
   460   000FD9                     FSR2L           equ	4057	;# 
   461   000FDA                     FSR2H           equ	4058	;# 
   462   000FDB                     PLUSW2          equ	4059	;# 
   463   000FDC                     PREINC2         equ	4060	;# 
   464   000FDD                     POSTDEC2        equ	4061	;# 
   465   000FDE                     POSTINC2        equ	4062	;# 
   466   000FDF                     INDF2           equ	4063	;# 
   467   000FE0                     BSR             equ	4064	;# 
   468   000FE1                     FSR1            equ	4065	;# 
   469   000FE1                     FSR1L           equ	4065	;# 
   470   000FE2                     FSR1H           equ	4066	;# 
   471   000FE3                     PLUSW1          equ	4067	;# 
   472   000FE4                     PREINC1         equ	4068	;# 
   473   000FE5                     POSTDEC1        equ	4069	;# 
   474   000FE6                     POSTINC1        equ	4070	;# 
   475   000FE7                     INDF1           equ	4071	;# 
   476   000FE8                     WREG            equ	4072	;# 
   477   000FE9                     FSR0            equ	4073	;# 
   478   000FE9                     FSR0L           equ	4073	;# 
   479   000FEA                     FSR0H           equ	4074	;# 
   480   000FEB                     PLUSW0          equ	4075	;# 
   481   000FEC                     PREINC0         equ	4076	;# 
   482   000FED                     POSTDEC0        equ	4077	;# 
   483   000FEE                     POSTINC0        equ	4078	;# 
   484   000FEF                     INDF0           equ	4079	;# 
   485   000FF0                     INTCON3         equ	4080	;# 
   486   000FF1                     INTCON2         equ	4081	;# 
   487   000FF2                     INTCON          equ	4082	;# 
   488   000FF3                     PROD            equ	4083	;# 
   489   000FF3                     PRODL           equ	4083	;# 
   490   000FF4                     PRODH           equ	4084	;# 
   491   000FF5                     TABLAT          equ	4085	;# 
   492   000FF6                     TBLPTR          equ	4086	;# 
   493   000FF6                     TBLPTRL         equ	4086	;# 
   494   000FF7                     TBLPTRH         equ	4087	;# 
   495   000FF8                     TBLPTRU         equ	4088	;# 
   496   000FF9                     PCLAT           equ	4089	;# 
   497   000FF9                     PC              equ	4089	;# 
   498   000FF9                     PCL             equ	4089	;# 
   499   000FFA                     PCLATH          equ	4090	;# 
   500   000FFB                     PCLATU          equ	4091	;# 
   501   000FFC                     STKPTR          equ	4092	;# 
   502   000FFD                     TOS             equ	4093	;# 
   503   000FFD                     TOSL            equ	4093	;# 
   504   000FFE                     TOSH            equ	4094	;# 
   505   000FFF                     TOSU            equ	4095	;# 
   506   000D60                     RXF6SIDH        equ	3424	;# 
   507   000D61                     RXF6SIDL        equ	3425	;# 
   508   000D62                     RXF6EIDH        equ	3426	;# 
   509   000D63                     RXF6EIDL        equ	3427	;# 
   510   000D64                     RXF7SIDH        equ	3428	;# 
   511   000D65                     RXF7SIDL        equ	3429	;# 
   512   000D66                     RXF7EIDH        equ	3430	;# 
   513   000D67                     RXF7EIDL        equ	3431	;# 
   514   000D68                     RXF8SIDH        equ	3432	;# 
   515   000D69                     RXF8SIDL        equ	3433	;# 
   516   000D6A                     RXF8EIDH        equ	3434	;# 
   517   000D6B                     RXF8EIDL        equ	3435	;# 
   518   000D70                     RXF9SIDH        equ	3440	;# 
   519   000D71                     RXF9SIDL        equ	3441	;# 
   520   000D72                     RXF9EIDH        equ	3442	;# 
   521   000D73                     RXF9EIDL        equ	3443	;# 
   522   000D74                     RXF10SIDH       equ	3444	;# 
   523   000D75                     RXF10SIDL       equ	3445	;# 
   524   000D76                     RXF10EIDH       equ	3446	;# 
   525   000D77                     RXF10EIDL       equ	3447	;# 
   526   000D78                     RXF11SIDH       equ	3448	;# 
   527   000D79                     RXF11SIDL       equ	3449	;# 
   528   000D7A                     RXF11EIDH       equ	3450	;# 
   529   000D7B                     RXF11EIDL       equ	3451	;# 
   530   000D80                     RXF12SIDH       equ	3456	;# 
   531   000D81                     RXF12SIDL       equ	3457	;# 
   532   000D82                     RXF12EIDH       equ	3458	;# 
   533   000D83                     RXF12EIDL       equ	3459	;# 
   534   000D84                     RXF13SIDH       equ	3460	;# 
   535   000D85                     RXF13SIDL       equ	3461	;# 
   536   000D86                     RXF13EIDH       equ	3462	;# 
   537   000D87                     RXF13EIDL       equ	3463	;# 
   538   000D88                     RXF14SIDH       equ	3464	;# 
   539   000D89                     RXF14SIDL       equ	3465	;# 
   540   000D8A                     RXF14EIDH       equ	3466	;# 
   541   000D8B                     RXF14EIDL       equ	3467	;# 
   542   000D90                     RXF15SIDH       equ	3472	;# 
   543   000D91                     RXF15SIDL       equ	3473	;# 
   544   000D92                     RXF15EIDH       equ	3474	;# 
   545   000D93                     RXF15EIDL       equ	3475	;# 
   546   000DD4                     RXFCON0         equ	3540	;# 
   547   000DD5                     RXFCON1         equ	3541	;# 
   548   000DD8                     SDFLC           equ	3544	;# 
   549   000DE0                     RXFBCON0        equ	3552	;# 
   550   000DE1                     RXFBCON1        equ	3553	;# 
   551   000DE2                     RXFBCON2        equ	3554	;# 
   552   000DE3                     RXFBCON3        equ	3555	;# 
   553   000DE4                     RXFBCON4        equ	3556	;# 
   554   000DE5                     RXFBCON5        equ	3557	;# 
   555   000DE6                     RXFBCON6        equ	3558	;# 
   556   000DE7                     RXFBCON7        equ	3559	;# 
   557   000DF0                     MSEL0           equ	3568	;# 
   558   000DF1                     MSEL1           equ	3569	;# 
   559   000DF2                     MSEL2           equ	3570	;# 
   560   000DF3                     MSEL3           equ	3571	;# 
   561   000DF8                     BSEL0           equ	3576	;# 
   562   000DFA                     BIE0            equ	3578	;# 
   563   000DFC                     TXBIE           equ	3580	;# 
   564   000E20                     B0CON           equ	3616	;# 
   565   000E21                     B0SIDH          equ	3617	;# 
   566   000E22                     B0SIDL          equ	3618	;# 
   567   000E23                     B0EIDH          equ	3619	;# 
   568   000E24                     B0EIDL          equ	3620	;# 
   569   000E25                     B0DLC           equ	3621	;# 
   570   000E26                     B0D0            equ	3622	;# 
   571   000E27                     B0D1            equ	3623	;# 
   572   000E28                     B0D2            equ	3624	;# 
   573   000E29                     B0D3            equ	3625	;# 
   574   000E2A                     B0D4            equ	3626	;# 
   575   000E2B                     B0D5            equ	3627	;# 
   576   000E2C                     B0D6            equ	3628	;# 
   577   000E2D                     B0D7            equ	3629	;# 
   578   000E2E                     CANSTAT_RO9     equ	3630	;# 
   579   000E2F                     CANCON_RO9      equ	3631	;# 
   580   000E30                     B1CON           equ	3632	;# 
   581   000E31                     B1SIDH          equ	3633	;# 
   582   000E32                     B1SIDL          equ	3634	;# 
   583   000E33                     B1EIDH          equ	3635	;# 
   584   000E34                     B1EIDL          equ	3636	;# 
   585   000E35                     B1DLC           equ	3637	;# 
   586   000E36                     B1D0            equ	3638	;# 
   587   000E37                     B1D1            equ	3639	;# 
   588   000E38                     B1D2            equ	3640	;# 
   589   000E39                     B1D3            equ	3641	;# 
   590   000E3A                     B1D4            equ	3642	;# 
   591   000E3B                     B1D5            equ	3643	;# 
   592   000E3C                     B1D6            equ	3644	;# 
   593   000E3D                     B1D7            equ	3645	;# 
   594   000E3E                     CANSTAT_RO8     equ	3646	;# 
   595   000E3F                     CANCON_RO8      equ	3647	;# 
   596   000E40                     B2CON           equ	3648	;# 
   597   000E41                     B2SIDH          equ	3649	;# 
   598   000E42                     B2SIDL          equ	3650	;# 
   599   000E43                     B2EIDH          equ	3651	;# 
   600   000E44                     B2EIDL          equ	3652	;# 
   601   000E45                     B2DLC           equ	3653	;# 
   602   000E46                     B2D0            equ	3654	;# 
   603   000E47                     B2D1            equ	3655	;# 
   604   000E48                     B2D2            equ	3656	;# 
   605   000E49                     B2D3            equ	3657	;# 
   606   000E4A                     B2D4            equ	3658	;# 
   607   000E4B                     B2D5            equ	3659	;# 
   608   000E4C                     B2D6            equ	3660	;# 
   609   000E4D                     B2D7            equ	3661	;# 
   610   000E4E                     CANSTAT_RO7     equ	3662	;# 
   611   000E4F                     CANCON_RO7      equ	3663	;# 
   612   000E50                     B3CON           equ	3664	;# 
   613   000E51                     B3SIDH          equ	3665	;# 
   614   000E52                     B3SIDL          equ	3666	;# 
   615   000E53                     B3EIDH          equ	3667	;# 
   616   000E54                     B3EIDL          equ	3668	;# 
   617   000E55                     B3DLC           equ	3669	;# 
   618   000E56                     B3D0            equ	3670	;# 
   619   000E57                     B3D1            equ	3671	;# 
   620   000E58                     B3D2            equ	3672	;# 
   621   000E59                     B3D3            equ	3673	;# 
   622   000E5A                     B3D4            equ	3674	;# 
   623   000E5B                     B3D5            equ	3675	;# 
   624   000E5C                     B3D6            equ	3676	;# 
   625   000E5D                     B3D7            equ	3677	;# 
   626   000E5E                     CANSTAT_RO6     equ	3678	;# 
   627   000E5F                     CANCON_RO6      equ	3679	;# 
   628   000E60                     B4CON           equ	3680	;# 
   629   000E61                     B4SIDH          equ	3681	;# 
   630   000E62                     B4SIDL          equ	3682	;# 
   631   000E63                     B4EIDH          equ	3683	;# 
   632   000E64                     B4EIDL          equ	3684	;# 
   633   000E65                     B4DLC           equ	3685	;# 
   634   000E66                     B4D0            equ	3686	;# 
   635   000E67                     B4D1            equ	3687	;# 
   636   000E68                     B4D2            equ	3688	;# 
   637   000E69                     B4D3            equ	3689	;# 
   638   000E6A                     B4D4            equ	3690	;# 
   639   000E6B                     B4D5            equ	3691	;# 
   640   000E6C                     B4D6            equ	3692	;# 
   641   000E6D                     B4D7            equ	3693	;# 
   642   000E6E                     CANSTAT_RO5     equ	3694	;# 
   643   000E6F                     CANCON_RO5      equ	3695	;# 
   644   000E70                     B5CON           equ	3696	;# 
   645   000E71                     B5SIDH          equ	3697	;# 
   646   000E72                     B5SIDL          equ	3698	;# 
   647   000E73                     B5EIDH          equ	3699	;# 
   648   000E74                     B5EIDL          equ	3700	;# 
   649   000E75                     B5DLC           equ	3701	;# 
   650   000E76                     B5D0            equ	3702	;# 
   651   000E77                     B5D1            equ	3703	;# 
   652   000E78                     B5D2            equ	3704	;# 
   653   000E79                     B5D3            equ	3705	;# 
   654   000E7A                     B5D4            equ	3706	;# 
   655   000E7B                     B5D5            equ	3707	;# 
   656   000E7C                     B5D6            equ	3708	;# 
   657   000E7D                     B5D7            equ	3709	;# 
   658   000E7E                     CANSTAT_RO4     equ	3710	;# 
   659   000E7F                     CANCON_RO4      equ	3711	;# 
   660   000F00                     RXF0SIDH        equ	3840	;# 
   661   000F01                     RXF0SIDL        equ	3841	;# 
   662   000F02                     RXF0EIDH        equ	3842	;# 
   663   000F03                     RXF0EIDL        equ	3843	;# 
   664   000F04                     RXF1SIDH        equ	3844	;# 
   665   000F05                     RXF1SIDL        equ	3845	;# 
   666   000F06                     RXF1EIDH        equ	3846	;# 
   667   000F07                     RXF1EIDL        equ	3847	;# 
   668   000F08                     RXF2SIDH        equ	3848	;# 
   669   000F09                     RXF2SIDL        equ	3849	;# 
   670   000F0A                     RXF2EIDH        equ	3850	;# 
   671   000F0B                     RXF2EIDL        equ	3851	;# 
   672   000F0C                     RXF3SIDH        equ	3852	;# 
   673   000F0D                     RXF3SIDL        equ	3853	;# 
   674   000F0E                     RXF3EIDH        equ	3854	;# 
   675   000F0F                     RXF3EIDL        equ	3855	;# 
   676   000F10                     RXF4SIDH        equ	3856	;# 
   677   000F11                     RXF4SIDL        equ	3857	;# 
   678   000F12                     RXF4EIDH        equ	3858	;# 
   679   000F13                     RXF4EIDL        equ	3859	;# 
   680   000F14                     RXF5SIDH        equ	3860	;# 
   681   000F15                     RXF5SIDL        equ	3861	;# 
   682   000F16                     RXF5EIDH        equ	3862	;# 
   683   000F17                     RXF5EIDL        equ	3863	;# 
   684   000F18                     RXM0SIDH        equ	3864	;# 
   685   000F19                     RXM0SIDL        equ	3865	;# 
   686   000F1A                     RXM0EIDH        equ	3866	;# 
   687   000F1B                     RXM0EIDL        equ	3867	;# 
   688   000F1C                     RXM1SIDH        equ	3868	;# 
   689   000F1D                     RXM1SIDL        equ	3869	;# 
   690   000F1E                     RXM1EIDH        equ	3870	;# 
   691   000F1F                     RXM1EIDL        equ	3871	;# 
   692   000F20                     TXB2CON         equ	3872	;# 
   693   000F21                     TXB2SIDH        equ	3873	;# 
   694   000F22                     TXB2SIDL        equ	3874	;# 
   695   000F23                     TXB2EIDH        equ	3875	;# 
   696   000F24                     TXB2EIDL        equ	3876	;# 
   697   000F25                     TXB2DLC         equ	3877	;# 
   698   000F26                     TXB2D0          equ	3878	;# 
   699   000F27                     TXB2D1          equ	3879	;# 
   700   000F28                     TXB2D2          equ	3880	;# 
   701   000F29                     TXB2D3          equ	3881	;# 
   702   000F2A                     TXB2D4          equ	3882	;# 
   703   000F2B                     TXB2D5          equ	3883	;# 
   704   000F2C                     TXB2D6          equ	3884	;# 
   705   000F2D                     TXB2D7          equ	3885	;# 
   706   000F2E                     CANSTAT_RO3     equ	3886	;# 
   707   000F2F                     CANCON_RO3      equ	3887	;# 
   708   000F30                     TXB1CON         equ	3888	;# 
   709   000F31                     TXB1SIDH        equ	3889	;# 
   710   000F32                     TXB1SIDL        equ	3890	;# 
   711   000F33                     TXB1EIDH        equ	3891	;# 
   712   000F34                     TXB1EIDL        equ	3892	;# 
   713   000F35                     TXB1DLC         equ	3893	;# 
   714   000F36                     TXB1D0          equ	3894	;# 
   715   000F37                     TXB1D1          equ	3895	;# 
   716   000F38                     TXB1D2          equ	3896	;# 
   717   000F39                     TXB1D3          equ	3897	;# 
   718   000F3A                     TXB1D4          equ	3898	;# 
   719   000F3B                     TXB1D5          equ	3899	;# 
   720   000F3C                     TXB1D6          equ	3900	;# 
   721   000F3D                     TXB1D7          equ	3901	;# 
   722   000F3E                     CANSTAT_RO2     equ	3902	;# 
   723   000F3F                     CANCON_RO2      equ	3903	;# 
   724   000F40                     TXB0CON         equ	3904	;# 
   725   000F41                     TXB0SIDH        equ	3905	;# 
   726   000F42                     TXB0SIDL        equ	3906	;# 
   727   000F43                     TXB0EIDH        equ	3907	;# 
   728   000F44                     TXB0EIDL        equ	3908	;# 
   729   000F45                     TXB0DLC         equ	3909	;# 
   730   000F46                     TXB0D0          equ	3910	;# 
   731   000F47                     TXB0D1          equ	3911	;# 
   732   000F48                     TXB0D2          equ	3912	;# 
   733   000F49                     TXB0D3          equ	3913	;# 
   734   000F4A                     TXB0D4          equ	3914	;# 
   735   000F4B                     TXB0D5          equ	3915	;# 
   736   000F4C                     TXB0D6          equ	3916	;# 
   737   000F4D                     TXB0D7          equ	3917	;# 
   738   000F4E                     CANSTAT_RO1     equ	3918	;# 
   739   000F4F                     CANCON_RO1      equ	3919	;# 
   740   000F50                     RXB1CON         equ	3920	;# 
   741   000F51                     RXB1SIDH        equ	3921	;# 
   742   000F52                     RXB1SIDL        equ	3922	;# 
   743   000F53                     RXB1EIDH        equ	3923	;# 
   744   000F54                     RXB1EIDL        equ	3924	;# 
   745   000F55                     RXB1DLC         equ	3925	;# 
   746   000F56                     RXB1D0          equ	3926	;# 
   747   000F57                     RXB1D1          equ	3927	;# 
   748   000F58                     RXB1D2          equ	3928	;# 
   749   000F59                     RXB1D3          equ	3929	;# 
   750   000F5A                     RXB1D4          equ	3930	;# 
   751   000F5B                     RXB1D5          equ	3931	;# 
   752   000F5C                     RXB1D6          equ	3932	;# 
   753   000F5D                     RXB1D7          equ	3933	;# 
   754   000F5E                     CANSTAT_RO0     equ	3934	;# 
   755   000F5F                     CANCON_RO0      equ	3935	;# 
   756   000F60                     RXB0CON         equ	3936	;# 
   757   000F61                     RXB0SIDH        equ	3937	;# 
   758   000F62                     RXB0SIDL        equ	3938	;# 
   759   000F63                     RXB0EIDH        equ	3939	;# 
   760   000F64                     RXB0EIDL        equ	3940	;# 
   761   000F65                     RXB0DLC         equ	3941	;# 
   762   000F66                     RXB0D0          equ	3942	;# 
   763   000F67                     RXB0D1          equ	3943	;# 
   764   000F68                     RXB0D2          equ	3944	;# 
   765   000F69                     RXB0D3          equ	3945	;# 
   766   000F6A                     RXB0D4          equ	3946	;# 
   767   000F6B                     RXB0D5          equ	3947	;# 
   768   000F6C                     RXB0D6          equ	3948	;# 
   769   000F6D                     RXB0D7          equ	3949	;# 
   770   000F6E                     CANSTAT         equ	3950	;# 
   771   000F6F                     CANCON          equ	3951	;# 
   772   000F70                     BRGCON1         equ	3952	;# 
   773   000F71                     BRGCON2         equ	3953	;# 
   774   000F72                     BRGCON3         equ	3954	;# 
   775   000F73                     CIOCON          equ	3955	;# 
   776   000F74                     COMSTAT         equ	3956	;# 
   777   000F75                     RXERRCNT        equ	3957	;# 
   778   000F76                     TXERRCNT        equ	3958	;# 
   779   000F77                     ECANCON         equ	3959	;# 
   780   000F80                     PORTA           equ	3968	;# 
   781   000F81                     PORTB           equ	3969	;# 
   782   000F82                     PORTC           equ	3970	;# 
   783   000F83                     PORTD           equ	3971	;# 
   784   000F84                     PORTE           equ	3972	;# 
   785   000F89                     LATA            equ	3977	;# 
   786   000F8A                     LATB            equ	3978	;# 
   787   000F8B                     LATC            equ	3979	;# 
   788   000F8C                     LATD            equ	3980	;# 
   789   000F8D                     LATE            equ	3981	;# 
   790   000F92                     TRISA           equ	3986	;# 
   791   000F92                     DDRA            equ	3986	;# 
   792   000F93                     TRISB           equ	3987	;# 
   793   000F93                     DDRB            equ	3987	;# 
   794   000F94                     TRISC           equ	3988	;# 
   795   000F94                     DDRC            equ	3988	;# 
   796   000F95                     TRISD           equ	3989	;# 
   797   000F95                     DDRD            equ	3989	;# 
   798   000F96                     TRISE           equ	3990	;# 
   799   000F96                     DDRE            equ	3990	;# 
   800   000F9B                     OSCTUNE         equ	3995	;# 
   801   000F9D                     PIE1            equ	3997	;# 
   802   000F9E                     PIR1            equ	3998	;# 
   803   000F9F                     IPR1            equ	3999	;# 
   804   000FA0                     PIE2            equ	4000	;# 
   805   000FA1                     PIR2            equ	4001	;# 
   806   000FA2                     IPR2            equ	4002	;# 
   807   000FA3                     PIE3            equ	4003	;# 
   808   000FA4                     PIR3            equ	4004	;# 
   809   000FA5                     IPR3            equ	4005	;# 
   810   000FA6                     EECON1          equ	4006	;# 
   811   000FA7                     EECON2          equ	4007	;# 
   812   000FA8                     EEDATA          equ	4008	;# 
   813   000FA9                     EEADR           equ	4009	;# 
   814   000FAB                     RCSTA           equ	4011	;# 
   815   000FAB                     RCSTA1          equ	4011	;# 
   816   000FAC                     TXSTA           equ	4012	;# 
   817   000FAC                     TXSTA1          equ	4012	;# 
   818   000FAD                     TXREG           equ	4013	;# 
   819   000FAD                     TXREG1          equ	4013	;# 
   820   000FAE                     RCREG           equ	4014	;# 
   821   000FAE                     RCREG1          equ	4014	;# 
   822   000FAF                     SPBRG           equ	4015	;# 
   823   000FAF                     SPBRG1          equ	4015	;# 
   824   000FB0                     SPBRGH          equ	4016	;# 
   825   000FB1                     T3CON           equ	4017	;# 
   826   000FB2                     TMR3            equ	4018	;# 
   827   000FB2                     TMR3L           equ	4018	;# 
   828   000FB3                     TMR3H           equ	4019	;# 
   829   000FB4                     CMCON           equ	4020	;# 
   830   000FB5                     CVRCON          equ	4021	;# 
   831   000FB6                     ECCP1AS         equ	4022	;# 
   832   000FB7                     ECCP1DEL        equ	4023	;# 
   833   000FB8                     BAUDCON         equ	4024	;# 
   834   000FB8                     BAUDCTL         equ	4024	;# 
   835   000FBA                     ECCP1CON        equ	4026	;# 
   836   000FBB                     ECCPR1          equ	4027	;# 
   837   000FBB                     ECCPR1L         equ	4027	;# 
   838   000FBC                     ECCPR1H         equ	4028	;# 
   839   000FBD                     CCP1CON         equ	4029	;# 
   840   000FBE                     CCPR1           equ	4030	;# 
   841   000FBE                     CCPR1L          equ	4030	;# 
   842   000FBF                     CCPR1H          equ	4031	;# 
   843   000FC0                     ADCON2          equ	4032	;# 
   844   000FC1                     ADCON1          equ	4033	;# 
   845   000FC2                     ADCON0          equ	4034	;# 
   846   000FC3                     ADRES           equ	4035	;# 
   847   000FC3                     ADRESL          equ	4035	;# 
   848   000FC4                     ADRESH          equ	4036	;# 
   849   000FC5                     SSPCON2         equ	4037	;# 
   850   000FC6                     SSPCON1         equ	4038	;# 
   851   000FC7                     SSPSTAT         equ	4039	;# 
   852   000FC8                     SSPADD          equ	4040	;# 
   853   000FC9                     SSPBUF          equ	4041	;# 
   854   000FCA                     T2CON           equ	4042	;# 
   855   000FCB                     PR2             equ	4043	;# 
   856   000FCB                     MEMCON          equ	4043	;# 
   857   000FCC                     TMR2            equ	4044	;# 
   858   000FCD                     T1CON           equ	4045	;# 
   859   000FCE                     TMR1            equ	4046	;# 
   860   000FCE                     TMR1L           equ	4046	;# 
   861   000FCF                     TMR1H           equ	4047	;# 
   862   000FD0                     RCON            equ	4048	;# 
   863   000FD1                     WDTCON          equ	4049	;# 
   864   000FD2                     HLVDCON         equ	4050	;# 
   865   000FD2                     LVDCON          equ	4050	;# 
   866   000FD3                     OSCCON          equ	4051	;# 
   867   000FD5                     T0CON           equ	4053	;# 
   868   000FD6                     TMR0            equ	4054	;# 
   869   000FD6                     TMR0L           equ	4054	;# 
   870   000FD7                     TMR0H           equ	4055	;# 
   871   000FD8                     STATUS          equ	4056	;# 
   872   000FD9                     FSR2            equ	4057	;# 
   873   000FD9                     FSR2L           equ	4057	;# 
   874   000FDA                     FSR2H           equ	4058	;# 
   875   000FDB                     PLUSW2          equ	4059	;# 
   876   000FDC                     PREINC2         equ	4060	;# 
   877   000FDD                     POSTDEC2        equ	4061	;# 
   878   000FDE                     POSTINC2        equ	4062	;# 
   879   000FDF                     INDF2           equ	4063	;# 
   880   000FE0                     BSR             equ	4064	;# 
   881   000FE1                     FSR1            equ	4065	;# 
   882   000FE1                     FSR1L           equ	4065	;# 
   883   000FE2                     FSR1H           equ	4066	;# 
   884   000FE3                     PLUSW1          equ	4067	;# 
   885   000FE4                     PREINC1         equ	4068	;# 
   886   000FE5                     POSTDEC1        equ	4069	;# 
   887   000FE6                     POSTINC1        equ	4070	;# 
   888   000FE7                     INDF1           equ	4071	;# 
   889   000FE8                     WREG            equ	4072	;# 
   890   000FE9                     FSR0            equ	4073	;# 
   891   000FE9                     FSR0L           equ	4073	;# 
   892   000FEA                     FSR0H           equ	4074	;# 
   893   000FEB                     PLUSW0          equ	4075	;# 
   894   000FEC                     PREINC0         equ	4076	;# 
   895   000FED                     POSTDEC0        equ	4077	;# 
   896   000FEE                     POSTINC0        equ	4078	;# 
   897   000FEF                     INDF0           equ	4079	;# 
   898   000FF0                     INTCON3         equ	4080	;# 
   899   000FF1                     INTCON2         equ	4081	;# 
   900   000FF2                     INTCON          equ	4082	;# 
   901   000FF3                     PROD            equ	4083	;# 
   902   000FF3                     PRODL           equ	4083	;# 
   903   000FF4                     PRODH           equ	4084	;# 
   904   000FF5                     TABLAT          equ	4085	;# 
   905   000FF6                     TBLPTR          equ	4086	;# 
   906   000FF6                     TBLPTRL         equ	4086	;# 
   907   000FF7                     TBLPTRH         equ	4087	;# 
   908   000FF8                     TBLPTRU         equ	4088	;# 
   909   000FF9                     PCLAT           equ	4089	;# 
   910   000FF9                     PC              equ	4089	;# 
   911   000FF9                     PCL             equ	4089	;# 
   912   000FFA                     PCLATH          equ	4090	;# 
   913   000FFB                     PCLATU          equ	4091	;# 
   914   000FFC                     STKPTR          equ	4092	;# 
   915   000FFD                     TOS             equ	4093	;# 
   916   000FFD                     TOSL            equ	4093	;# 
   917   000FFE                     TOSH            equ	4094	;# 
   918   000FFF                     TOSU            equ	4095	;# 
   919                           
   920                           	psect	idataCOMRAM
   921   00078A                     __pidataCOMRAM:
   922                           	callstack 0
   923                           
   924                           ;initializer for _digit
   925   00078A  00                 	db	0
   926   00078B  00                 	db	0
   927   00078C  00                 	db	0
   928   00078D  E7                 	db	231
   929   00078E  21                 	db	33
   930   00078F  CB                 	db	203
   931   000790  6B                 	db	107
   932   000791  2D                 	db	45
   933   000792  6E                 	db	110
   934   000793  EE                 	db	238
   935   000794  23                 	db	35
   936   000795  EF                 	db	239
   937   000796  6F                 	db	111
   938   000F83                     _PORTD          set	3971
   939   000F80                     _PORTA          set	3968
   940   000F92                     _TRISA          set	3986
   941   000F95                     _TRISD          set	3989
   942                           
   943                           ; #config settings
   944                           
   945                           	psect	cinit
   946   00074C                     __pcinit:
   947                           	callstack 0
   948   00074C                     start_initialization:
   949                           	callstack 0
   950   00074C                     __initialization:
   951                           	callstack 0
   952                           
   953                           ; Initialize objects allocated to COMRAM (13 bytes)
   954                           ; load TBLPTR registers with __pidataCOMRAM
   955   00074C  0E8A               	movlw	low __pidataCOMRAM
   956   00074E  6EF6               	movwf	tblptrl,c
   957   000750  0E07               	movlw	high __pidataCOMRAM
   958   000752  6EF7               	movwf	tblptrh,c
   959   000754  0E00               	movlw	low (__pidataCOMRAM shr (0+16))
   960   000756  6EF8               	movwf	tblptru,c
   961   000758  EE00  F00F         	lfsr	0,__pdataCOMRAM
   962   00075C  EE10 F00D          	lfsr	1,13
   963   000760                     copy_data0:
   964   000760  0009               	tblrd		*+
   965   000762  CFF5 FFEE          	movff	tablat,postinc0
   966   000766  50E5               	movf	postdec1,w,c
   967   000768  50E1               	movf	fsr1l,w,c
   968   00076A  E1FA               	bnz	copy_data0
   969                           
   970                           ; Clear objects allocated to COMRAM (4 bytes)
   971   00076C  6A1F               	clrf	(__pbssCOMRAM+3)& (0+255),c
   972   00076E  6A1E               	clrf	(__pbssCOMRAM+2)& (0+255),c
   973   000770  6A1D               	clrf	(__pbssCOMRAM+1)& (0+255),c
   974   000772  6A1C               	clrf	__pbssCOMRAM& (0+255),c
   975   000774                     end_of_initialization:
   976                           	callstack 0
   977   000774                     __end_of__initialization:
   978                           	callstack 0
   979   000774  0100               	movlb	0
   980   000776  EF01  F003         	goto	_main	;jump to C main() function
   981                           
   982                           	psect	bssCOMRAM
   983   00001C                     __pbssCOMRAM:
   984                           	callstack 0
   985   00001C                     _ssd:
   986                           	callstack 0
   987   00001C                     	ds	4
   988                           
   989                           	psect	dataCOMRAM
   990   00000F                     __pdataCOMRAM:
   991                           	callstack 0
   992   00000F                     _digit:
   993                           	callstack 0
   994   00000F                     	ds	13
   995                           
   996                           	psect	cstackCOMRAM
   997   000001                     __pcstackCOMRAM:
   998                           	callstack 0
   999   000001                     display@data:
  1000                           	callstack 0
  1001   000001                     
  1002                           ; 1 bytes @ 0x0
  1003   000001                     	ds	1
  1004   000002                     ??_display:
  1005                           
  1006                           ; 1 bytes @ 0x1
  1007   000002                     	ds	2
  1008   000004                     display@wait:
  1009                           	callstack 0
  1010                           
  1011                           ; 2 bytes @ 0x3
  1012   000004                     	ds	2
  1013   000006                     display@digit:
  1014                           	callstack 0
  1015                           
  1016                           ; 1 bytes @ 0x5
  1017   000006                     	ds	1
  1018   000007                     main@delay:
  1019                           	callstack 0
  1020   000007                     
  1021                           ; 1 bytes @ 0x6
  1022   000007                     	ds	4
  1023   00000B                     main@d0:
  1024                           	callstack 0
  1025                           
  1026                           ; 1 bytes @ 0xA
  1027   00000B                     	ds	1
  1028   00000C                     main@d1:
  1029                           	callstack 0
  1030                           
  1031                           ; 1 bytes @ 0xB
  1032   00000C                     	ds	1
  1033   00000D                     main@d2:
  1034                           	callstack 0
  1035                           
  1036                           ; 1 bytes @ 0xC
  1037   00000D                     	ds	1
  1038   00000E                     main@d3:
  1039                           	callstack 0
  1040                           
  1041                           ; 1 bytes @ 0xD
  1042   00000E                     	ds	1
  1043                           
  1044 ;;
  1045 ;;Main: autosize = 0, tempsize = 0, incstack = 0, save=0
  1046 ;;
  1047 ;; *************** function _main *****************
  1048 ;; Defined at:
  1049 ;;		line 21 in file "main.c"
  1050 ;; Parameters:    Size  Location     Type
  1051 ;;		None
  1052 ;; Auto vars:     Size  Location     Type
  1053 ;;  delay           4    6[COMRAM] unsigned long 
  1054 ;;  d3              1   13[COMRAM] unsigned char 
  1055 ;;  d2              1   12[COMRAM] unsigned char 
  1056 ;;  d1              1   11[COMRAM] unsigned char 
  1057 ;;  d0              1   10[COMRAM] unsigned char 
  1058 ;; Return value:  Size  Location     Type
  1059 ;;                  1    wreg      void 
  1060 ;; Registers used:
  1061 ;;		wreg, fsr2l, fsr2h, status,2, status,0, cstack
  1062 ;; Tracked objects:
  1063 ;;		On entry : 0/0
  1064 ;;		On exit  : 0/0
  1065 ;;		Unchanged: 0/0
  1066 ;; Data sizes:     COMRAM   BANK0   BANK1   BANK2   BANK3   BANK4   BANK5
  1067 ;;      Params:         0       0       0       0       0       0       0
  1068 ;;      Locals:         8       0       0       0       0       0       0
  1069 ;;      Temps:          0       0       0       0       0       0       0
  1070 ;;      Totals:         8       0       0       0       0       0       0
  1071 ;;Total ram usage:        8 bytes
  1072 ;; Hardware stack levels required when called: 2
  1073 ;; This function calls:
  1074 ;;		_display
  1075 ;;		_init_config
  1076 ;; This function is called by:
  1077 ;;		Startup code after reset
  1078 ;; This function uses a non-reentrant model
  1079 ;;
  1080                           
  1081                           	psect	text0
  1082   000602                     __ptext0:
  1083                           	callstack 0
  1084   000602                     _main:
  1085                           	callstack 29
  1086   000602                     
  1087                           ;main.c: 23:     init_config();
  1088   000602  ECCC  F003         	call	_init_config	;wreg free
  1089   000606                     
  1090                           ;main.c: 24:     unsigned char d0 = 0;
  1091   000606  6A0B               	clrf	main@d0^0,c
  1092   000608                     
  1093                           ;main.c: 25:     unsigned char d1 = 1;
  1094   000608  0E01               	movlw	1
  1095   00060A  6E0C               	movwf	main@d1^0,c
  1096   00060C                     
  1097                           ;main.c: 26:     unsigned char d2 = 2;
  1098   00060C  0E02               	movlw	2
  1099   00060E  6E0D               	movwf	main@d2^0,c
  1100   000610                     
  1101                           ;main.c: 27:     unsigned char d3 = 3;
  1102   000610  0E03               	movlw	3
  1103   000612  6E0E               	movwf	main@d3^0,c
  1104   000614                     
  1105                           ;main.c: 29:     unsigned long delay = 0;
  1106   000614  0E00               	movlw	0
  1107   000616  6E07               	movwf	main@delay^0,c
  1108   000618  0E00               	movlw	0
  1109   00061A  6E08               	movwf	(main@delay+1)^0,c
  1110   00061C  0E00               	movlw	0
  1111   00061E  6E09               	movwf	(main@delay+2)^0,c
  1112   000620  0E00               	movlw	0
  1113   000622  6E0A               	movwf	(main@delay+3)^0,c
  1114   000624                     l933:
  1115                           
  1116                           ;main.c: 31:     {;main.c: 32:         ssd[0] = digit[d0];
  1117   000624  500B               	movf	main@d0^0,w,c
  1118   000626  0F0F               	addlw	low _digit
  1119   000628  6ED9               	movwf	fsr2l,c
  1120   00062A  6ADA               	clrf	fsr2h,c
  1121   00062C  50DF               	movf	indf2,w,c
  1122   00062E  6E1C               	movwf	_ssd^0,c
  1123   000630                     
  1124                           ;main.c: 33:         ssd[1] = digit[d1];
  1125   000630  500C               	movf	main@d1^0,w,c
  1126   000632  0F0F               	addlw	low _digit
  1127   000634  6ED9               	movwf	fsr2l,c
  1128   000636  6ADA               	clrf	fsr2h,c
  1129   000638  50DF               	movf	indf2,w,c
  1130   00063A  6E1D               	movwf	(_ssd+1)^0,c
  1131   00063C                     
  1132                           ;main.c: 34:         ssd[2] = digit[d2];
  1133   00063C  500D               	movf	main@d2^0,w,c
  1134   00063E  0F0F               	addlw	low _digit
  1135   000640  6ED9               	movwf	fsr2l,c
  1136   000642  6ADA               	clrf	fsr2h,c
  1137   000644  50DF               	movf	indf2,w,c
  1138   000646  6E1E               	movwf	(_ssd+2)^0,c
  1139   000648                     
  1140                           ;main.c: 35:         ssd[3] = digit[d3];
  1141   000648  500E               	movf	main@d3^0,w,c
  1142   00064A  0F0F               	addlw	low _digit
  1143   00064C  6ED9               	movwf	fsr2l,c
  1144   00064E  6ADA               	clrf	fsr2h,c
  1145   000650  50DF               	movf	indf2,w,c
  1146   000652  6E1F               	movwf	(_ssd+3)^0,c
  1147   000654                     
  1148                           ;main.c: 36:         display(ssd);
  1149   000654  0E1C               	movlw	low _ssd
  1150   000656  6E01               	movwf	display@data^0,c
  1151   000658  EC74  F003         	call	_display	;wreg free
  1152   00065C                     
  1153                           ;main.c: 38:         if(delay++ == 100)
  1154   00065C  0E01               	movlw	1
  1155   00065E  2607               	addwf	main@delay^0,f,c
  1156   000660  0E00               	movlw	0
  1157   000662  2208               	addwfc	(main@delay+1)^0,f,c
  1158   000664  2209               	addwfc	(main@delay+2)^0,f,c
  1159   000666  220A               	addwfc	(main@delay+3)^0,f,c
  1160   000668  0E65               	movlw	101
  1161   00066A  1807               	xorwf	main@delay^0,w,c
  1162   00066C  1008               	iorwf	(main@delay+1)^0,w,c
  1163   00066E  1009               	iorwf	(main@delay+2)^0,w,c
  1164   000670  100A               	iorwf	(main@delay+3)^0,w,c
  1165   000672  A4D8               	btfss	status,2,c
  1166   000674  EF3E  F003         	goto	u121
  1167   000678  EF40  F003         	goto	u120
  1168   00067C                     u121:
  1169   00067C  EF12  F003         	goto	l933
  1170   000680                     u120:
  1171   000680                     
  1172                           ;main.c: 39:         {;main.c: 40:             delay = 0;
  1173   000680  0E00               	movlw	0
  1174   000682  6E07               	movwf	main@delay^0,c
  1175   000684  0E00               	movlw	0
  1176   000686  6E08               	movwf	(main@delay+1)^0,c
  1177   000688  0E00               	movlw	0
  1178   00068A  6E09               	movwf	(main@delay+2)^0,c
  1179   00068C  0E00               	movlw	0
  1180   00068E  6E0A               	movwf	(main@delay+3)^0,c
  1181   000690                     
  1182                           ;main.c: 41:             d0++;
  1183   000690  2A0B               	incf	main@d0^0,f,c
  1184   000692                     
  1185                           ;main.c: 42:             d1++;
  1186   000692  2A0C               	incf	main@d1^0,f,c
  1187   000694                     
  1188                           ;main.c: 43:             d2++;
  1189   000694  2A0D               	incf	main@d2^0,f,c
  1190   000696                     
  1191                           ;main.c: 44:             d3++;
  1192   000696  2A0E               	incf	main@d3^0,f,c
  1193   000698                     
  1194                           ;main.c: 45:             if(d3 > 12)
  1195   000698  0E0C               	movlw	12
  1196   00069A  640E               	cpfsgt	main@d3^0,c
  1197   00069C  EF52  F003         	goto	u131
  1198   0006A0  EF54  F003         	goto	u130
  1199   0006A4                     u131:
  1200   0006A4  EF55  F003         	goto	l959
  1201   0006A8                     u130:
  1202   0006A8                     
  1203                           ;main.c: 46:             {;main.c: 47:                d3 = 0;
  1204   0006A8  6A0E               	clrf	main@d3^0,c
  1205   0006AA                     l959:
  1206                           
  1207                           ;main.c: 49:             if(d2 > 12)
  1208   0006AA  0E0C               	movlw	12
  1209   0006AC  640D               	cpfsgt	main@d2^0,c
  1210   0006AE  EF5B  F003         	goto	u141
  1211   0006B2  EF5D  F003         	goto	u140
  1212   0006B6                     u141:
  1213   0006B6  EF5E  F003         	goto	l963
  1214   0006BA                     u140:
  1215   0006BA                     
  1216                           ;main.c: 50:             {;main.c: 51:                d2 = 0;
  1217   0006BA  6A0D               	clrf	main@d2^0,c
  1218   0006BC                     l963:
  1219                           
  1220                           ;main.c: 53:             if(d1 > 12)
  1221   0006BC  0E0C               	movlw	12
  1222   0006BE  640C               	cpfsgt	main@d1^0,c
  1223   0006C0  EF64  F003         	goto	u151
  1224   0006C4  EF66  F003         	goto	u150
  1225   0006C8                     u151:
  1226   0006C8  EF67  F003         	goto	l967
  1227   0006CC                     u150:
  1228   0006CC                     
  1229                           ;main.c: 54:             {;main.c: 55:                d1 = 0;
  1230   0006CC  6A0C               	clrf	main@d1^0,c
  1231   0006CE                     l967:
  1232                           
  1233                           ;main.c: 57:             if(d0 > 12)
  1234   0006CE  0E0C               	movlw	12
  1235   0006D0  640B               	cpfsgt	main@d0^0,c
  1236   0006D2  EF6D  F003         	goto	u161
  1237   0006D6  EF6F  F003         	goto	u160
  1238   0006DA                     u161:
  1239   0006DA  EF12  F003         	goto	l933
  1240   0006DE                     u160:
  1241   0006DE                     
  1242                           ;main.c: 58:             {;main.c: 59:               d0 = 0;
  1243   0006DE  6A0B               	clrf	main@d0^0,c
  1244   0006E0  EF12  F003         	goto	l933
  1245   0006E4  EFFE  F017         	goto	start
  1246   0006E8                     __end_of_main:
  1247                           	callstack 0
  1248                           
  1249 ;; *************** function _init_config *****************
  1250 ;; Defined at:
  1251 ;;		line 16 in file "main.c"
  1252 ;; Parameters:    Size  Location     Type
  1253 ;;		None
  1254 ;; Auto vars:     Size  Location     Type
  1255 ;;		None
  1256 ;; Return value:  Size  Location     Type
  1257 ;;                  1    wreg      void 
  1258 ;; Registers used:
  1259 ;;		wreg, status,2, status,0, cstack
  1260 ;; Tracked objects:
  1261 ;;		On entry : 0/0
  1262 ;;		On exit  : 0/0
  1263 ;;		Unchanged: 0/0
  1264 ;; Data sizes:     COMRAM   BANK0   BANK1   BANK2   BANK3   BANK4   BANK5
  1265 ;;      Params:         0       0       0       0       0       0       0
  1266 ;;      Locals:         0       0       0       0       0       0       0
  1267 ;;      Temps:          0       0       0       0       0       0       0
  1268 ;;      Totals:         0       0       0       0       0       0       0
  1269 ;;Total ram usage:        0 bytes
  1270 ;; Hardware stack levels used: 1
  1271 ;; Hardware stack levels required when called: 1
  1272 ;; This function calls:
  1273 ;;		_init_ssd_display
  1274 ;; This function is called by:
  1275 ;;		_main
  1276 ;; This function uses a non-reentrant model
  1277 ;;
  1278                           
  1279                           	psect	text1
  1280   000798                     __ptext1:
  1281                           	callstack 0
  1282   000798                     _init_config:
  1283                           	callstack 29
  1284   000798                     
  1285                           ;main.c: 18:  init_ssd_display();
  1286   000798  ECBD  F003         	call	_init_ssd_display	;wreg free
  1287   00079C  0012               	return		;funcret
  1288   00079E                     __end_of_init_config:
  1289                           	callstack 0
  1290                           
  1291 ;; *************** function _init_ssd_display *****************
  1292 ;; Defined at:
  1293 ;;		line 4 in file "ssd_display.c"
  1294 ;; Parameters:    Size  Location     Type
  1295 ;;		None
  1296 ;; Auto vars:     Size  Location     Type
  1297 ;;		None
  1298 ;; Return value:  Size  Location     Type
  1299 ;;                  1    wreg      void 
  1300 ;; Registers used:
  1301 ;;		wreg, status,2, status,0
  1302 ;; Tracked objects:
  1303 ;;		On entry : 0/0
  1304 ;;		On exit  : 0/0
  1305 ;;		Unchanged: 0/0
  1306 ;; Data sizes:     COMRAM   BANK0   BANK1   BANK2   BANK3   BANK4   BANK5
  1307 ;;      Params:         0       0       0       0       0       0       0
  1308 ;;      Locals:         0       0       0       0       0       0       0
  1309 ;;      Temps:          0       0       0       0       0       0       0
  1310 ;;      Totals:         0       0       0       0       0       0       0
  1311 ;;Total ram usage:        0 bytes
  1312 ;; Hardware stack levels used: 1
  1313 ;; This function calls:
  1314 ;;		Nothing
  1315 ;; This function is called by:
  1316 ;;		_init_config
  1317 ;; This function uses a non-reentrant model
  1318 ;;
  1319                           
  1320                           	psect	text2
  1321   00077A                     __ptext2:
  1322                           	callstack 0
  1323   00077A                     _init_ssd_display:
  1324                           	callstack 29
  1325   00077A                     
  1326                           ;ssd_display.c: 7:  TRISD = 0x00;
  1327   00077A  6A95               	clrf	149,c	;volatile
  1328   00077C                     
  1329                           ;ssd_display.c: 9:  TRISA = TRISA & 0xF0;
  1330   00077C  5092               	movf	146,w,c	;volatile
  1331   00077E  0BF0               	andlw	240
  1332   000780  6E92               	movwf	146,c	;volatile
  1333                           
  1334                           ;ssd_display.c: 11:  PORTA = PORTA & 0xF0;
  1335   000782  5080               	movf	128,w,c	;volatile
  1336   000784  0BF0               	andlw	240
  1337   000786  6E80               	movwf	128,c	;volatile
  1338   000788  0012               	return		;funcret
  1339   00078A                     __end_of_init_ssd_display:
  1340                           	callstack 0
  1341                           
  1342 ;; *************** function _display *****************
  1343 ;; Defined at:
  1344 ;;		line 15 in file "ssd_display.c"
  1345 ;; Parameters:    Size  Location     Type
  1346 ;;  data            1    0[COMRAM] PTR unsigned char 
  1347 ;;		 -> ssd(4), 
  1348 ;; Auto vars:     Size  Location     Type
  1349 ;;  wait            2    3[COMRAM] unsigned int 
  1350 ;;  digit           1    5[COMRAM] unsigned char 
  1351 ;; Return value:  Size  Location     Type
  1352 ;;                  1    wreg      void 
  1353 ;; Registers used:
  1354 ;;		wreg, fsr2l, fsr2h, status,2, status,0
  1355 ;; Tracked objects:
  1356 ;;		On entry : 0/0
  1357 ;;		On exit  : 0/0
  1358 ;;		Unchanged: 0/0
  1359 ;; Data sizes:     COMRAM   BANK0   BANK1   BANK2   BANK3   BANK4   BANK5
  1360 ;;      Params:         1       0       0       0       0       0       0
  1361 ;;      Locals:         3       0       0       0       0       0       0
  1362 ;;      Temps:          2       0       0       0       0       0       0
  1363 ;;      Totals:         6       0       0       0       0       0       0
  1364 ;;Total ram usage:        6 bytes
  1365 ;; Hardware stack levels used: 1
  1366 ;; This function calls:
  1367 ;;		Nothing
  1368 ;; This function is called by:
  1369 ;;		_main
  1370 ;; This function uses a non-reentrant model
  1371 ;;
  1372                           
  1373                           	psect	text3
  1374   0006E8                     __ptext3:
  1375                           	callstack 0
  1376   0006E8                     _display:
  1377                           	callstack 30
  1378   0006E8                     
  1379                           ;ssd_display.c: 15: void display(unsigned char *data);ssd_display.c: 16: {;ssd_display.c
      +                          : 17:  unsigned int wait;;ssd_display.c: 18:  unsigned char digit;;ssd_display.c: 20:  f
      +                          or (digit = 0; digit < 4; digit++)
  1380   0006E8  6A06               	clrf	display@digit^0,c
  1381   0006EA                     l909:
  1382                           
  1383                           ;ssd_display.c: 21:  {;ssd_display.c: 22:   PORTD = data[digit];
  1384   0006EA  5001               	movf	display@data^0,w,c
  1385   0006EC  2406               	addwf	display@digit^0,w,c
  1386   0006EE  6ED9               	movwf	fsr2l,c
  1387   0006F0  6ADA               	clrf	fsr2h,c
  1388   0006F2  50DF               	movf	indf2,w,c
  1389   0006F4  6E83               	movwf	131,c	;volatile
  1390   0006F6                     
  1391                           ;ssd_display.c: 23:   PORTA = (PORTA & 0xF0) | (0x01 << digit);
  1392   0006F6  C006  F002         	movff	display@digit,??_display
  1393   0006FA  0E01               	movlw	1
  1394   0006FC  6E03               	movwf	(??_display+1)^0,c
  1395   0006FE  2A02               	incf	??_display^0,f,c
  1396   000700  EF84  F003         	goto	u94
  1397   000704                     u95:
  1398   000704  90D8               	bcf	status,0,c
  1399   000706  3603               	rlcf	(??_display+1)^0,f,c
  1400   000708                     u94:
  1401   000708  2E02               	decfsz	??_display^0,f,c
  1402   00070A  EF82  F003         	goto	u95
  1403   00070E  5080               	movf	128,w,c	;volatile
  1404   000710  0BF0               	andlw	240
  1405   000712  1003               	iorwf	(??_display+1)^0,w,c
  1406   000714  6E80               	movwf	128,c	;volatile
  1407   000716                     
  1408                           ;ssd_display.c: 24:   for (wait = 1000; wait--; );
  1409   000716  0E03               	movlw	3
  1410   000718  6E05               	movwf	(display@wait+1)^0,c
  1411   00071A  0EE8               	movlw	232
  1412   00071C  6E04               	movwf	display@wait^0,c
  1413   00071E                     l915:
  1414   00071E  0604               	decf	display@wait^0,f,c
  1415   000720  A0D8               	btfss	status,0,c
  1416   000722  0605               	decf	(display@wait+1)^0,f,c
  1417   000724  2804               	incf	display@wait^0,w,c
  1418   000726  E106               	bnz	u101
  1419   000728  2805               	incf	(display@wait+1)^0,w,c
  1420   00072A  A4D8               	btfss	status,2,c
  1421   00072C  EF9A  F003         	goto	u101
  1422   000730  EF9C  F003         	goto	u100
  1423   000734                     u101:
  1424   000734  EF8F  F003         	goto	l915
  1425   000738                     u100:
  1426   000738                     
  1427                           ;ssd_display.c: 25:  }
  1428   000738  2A06               	incf	display@digit^0,f,c
  1429   00073A  0E03               	movlw	3
  1430   00073C  6406               	cpfsgt	display@digit^0,c
  1431   00073E  EFA3  F003         	goto	u111
  1432   000742  EFA5  F003         	goto	u110
  1433   000746                     u111:
  1434   000746  EF75  F003         	goto	l909
  1435   00074A                     u110:
  1436   00074A  0012               	return		;funcret
  1437   00074C                     __end_of_display:
  1438                           	callstack 0
  1439                           
  1440                           	psect	smallconst
  1441   000600                     __psmallconst:
  1442                           	callstack 0
  1443   000600  00                 	db	0
  1444   000601  00                 	db	0	; dummy byte at the end
  1445   000600                     __smallconst    set	__psmallconst
  1446   000600                     __mediumconst   set	__psmallconst
  1447   000000                     __activetblptr  equ	0
  1448                           
  1449                           	psect	rparam
  1450   000001                     ___rparam_used  equ	1
  1451   000000                     ___param_bank   equ	0
  1452   000000                     __Lparam        equ	__Lrparam
  1453   000000                     __Hparam        equ	__Hrparam
  1454                           tosu	equ	0xFFF
  1455                           tosh	equ	0xFFE
  1456                           tosl	equ	0xFFD
  1457                           stkptr	equ	0xFFC
  1458                           pclatu	equ	0xFFB
  1459                           pclath	equ	0xFFA
  1460                           pcl	equ	0xFF9
  1461                           tblptru	equ	0xFF8
  1462                           tblptrh	equ	0xFF7
  1463                           tblptrl	equ	0xFF6
  1464                           tablat	equ	0xFF5
  1465                           prodh	equ	0xFF4
  1466                           prodl	equ	0xFF3
  1467                           indf0	equ	0xFEF
  1468                           postinc0	equ	0xFEE
  1469                           postdec0	equ	0xFED
  1470                           preinc0	equ	0xFEC
  1471                           plusw0	equ	0xFEB
  1472                           fsr0h	equ	0xFEA
  1473                           fsr0l	equ	0xFE9
  1474                           wreg	equ	0xFE8
  1475                           indf1	equ	0xFE7
  1476                           postinc1	equ	0xFE6
  1477                           postdec1	equ	0xFE5
  1478                           preinc1	equ	0xFE4
  1479                           plusw1	equ	0xFE3
  1480                           fsr1h	equ	0xFE2
  1481                           fsr1l	equ	0xFE1
  1482                           bsr	equ	0xFE0
  1483                           indf2	equ	0xFDF
  1484                           postinc2	equ	0xFDE
  1485                           postdec2	equ	0xFDD
  1486                           preinc2	equ	0xFDC
  1487                           plusw2	equ	0xFDB
  1488                           fsr2h	equ	0xFDA
  1489                           fsr2l	equ	0xFD9
  1490                           status	equ	0xFD8

Data Sizes:
    Strings     0
    Constant    0
    Data        13
    BSS         4
    Persistent  0
    Stack       0

Auto Spaces:
    Space          Size  Autos    Used
    COMRAM           95     14      31
    BANK0           160      0       0
    BANK1           256      0       0
    BANK2           256      0       0
    BANK3           256      0       0
    BANK4           256      0       0
    BANK5           256      0       0

Pointer List with Targets:

    display@data	PTR unsigned char  size(1) Largest target is 4
		 -> ssd(COMRAM[4]), 


Critical Paths under _main in COMRAM

    _main->_display

Critical Paths under _main in BANK0

    None.

Critical Paths under _main in BANK1

    None.

Critical Paths under _main in BANK2

    None.

Critical Paths under _main in BANK3

    None.

Critical Paths under _main in BANK4

    None.

Critical Paths under _main in BANK5

    None.

Call Graph Tables:

 ---------------------------------------------------------------------------------
 (Depth) Function   	        Calls       Base Space   Used Autos Params    Refs
 ---------------------------------------------------------------------------------
 (0) _main                                                 8     8      0     348
                                              6 COMRAM     8     8      0
                            _display
                        _init_config
 ---------------------------------------------------------------------------------
 (1) _init_config                                          0     0      0       0
                   _init_ssd_display
 ---------------------------------------------------------------------------------
 (2) _init_ssd_display                                     0     0      0       0
 ---------------------------------------------------------------------------------
 (1) _display                                              6     5      1     136
                                              0 COMRAM     6     5      1
 ---------------------------------------------------------------------------------
 Estimated maximum stack depth 2
 ---------------------------------------------------------------------------------

 Call Graph Graphs:

 _main (ROOT)
   _display
   _init_config
     _init_ssd_display

Address spaces:
Name               Size   Autos  Total    Usage
BIGRAM            1535      0       0      0.0%
BITBIGSFRl         640      0       0      0.0%
BITBANK5           256      0       0      0.0%
BANK5              256      0       0      0.0%
BITBANK4           256      0       0      0.0%
BANK4              256      0       0      0.0%
BITBANK3           256      0       0      0.0%
BANK3              256      0       0      0.0%
BITBANK2           256      0       0      0.0%
BANK2              256      0       0      0.0%
BITBANK1           256      0       0      0.0%
BANK1              256      0       0      0.0%
BITBANK0           160      0       0      0.0%
BANK0              160      0       0      0.0%
BITBIGSFRh         127      0       0      0.0%
BITCOMRAM           95      0       0      0.0%
COMRAM              95     14      31     32.6%
STACK                0      0       0      0.0%
DATA                 0      0      31      0.0%


Microchip Technology PIC18 Macro Assembler V3.10 build 20250813170317 
Symbol Table                                                                                   Tue Feb 10 07:57:50 2026

                      l11 079C                        l43 074A                        l35 0788  
                      u94 0708                        u95 0704                       l911 06F6  
                     l903 06E8                       l831 077C                       l913 0716  
                     l833 0798                       l921 0602                       l915 071E  
                     l931 0614                       l923 0606                       l917 0738  
                     l909 06EA                       l829 077A                       l941 0654  
                     l933 0624                       l925 0608                       l919 073A  
                     l951 0694                       l943 065C                       l935 0630  
                     l927 060C                       l961 06BA                       l953 0696  
                     l945 0680                       l937 063C                       l929 0610  
                     l963 06BC                       l955 0698                       l947 0690  
                     l939 0648                       l965 06CC                       l957 06A8  
                     l949 0692                       l967 06CE                       l959 06AA  
                     l969 06DE                       u100 0738                       u101 0734  
                     u110 074A                       u111 0746                       u120 0680  
                     u121 067C                       u130 06A8                       u131 06A4  
                     u140 06BA                       u141 06B6                       u150 06CC  
                     u151 06C8                       u160 06DE                       u161 06DA  
                     _ssd 001C               display@data 0001               display@wait 0004  
                    _main 0602                      fsr2h 0FDA                      indf2 0FDF  
                    fsr1l 0FE1                      fsr2l 0FD9                      start 2FFC  
            ___param_bank 0000                     ?_main 0001              ?_init_config 0001  
                   _PORTA 0F80                     _PORTD 0F83                     _TRISA 0F92  
                   _TRISD 0F95              display@digit 0006           __end_of_display 074C  
                   _digit 000F                     tablat 0FF5                     status 0FD8  
         __initialization 074C              __end_of_main 06E8         ?_init_ssd_display 0001  
                  ??_main 0007        ??_init_ssd_display 0001             __activetblptr 0000  
                  isa$std 0001                    main@d0 000B                    main@d1 000C  
                  main@d2 000D                    main@d3 000E                 ??_display 0002  
            __pdataCOMRAM 000F              __mediumconst 0600                    tblptrh 0FF7  
                  tblptrl 0FF6                    tblptru 0FF8                __accesstop 0060  
 __end_of__initialization 0774             ___rparam_used 0001            __pcstackCOMRAM 0001  
                 __Hparam 0000                   __Lparam 0000              __psmallconst 0600  
                 __pcinit 074C                   __ramtop 0600                   __ptext0 0602  
                 __ptext1 0798                   __ptext2 077A                   __ptext3 06E8  
                 _display 06E8      end_of_initialization 0774                   postdec1 0FE5  
                 postinc0 0FEE             __pidataCOMRAM 078A       start_initialization 074C  
           ??_init_config 0001               __pbssCOMRAM 001C          _init_ssd_display 077A  
                ?_display 0001               __smallconst 0600       __end_of_init_config 079E  
               main@delay 0007                 copy_data0 0760                  __Hrparam 0000  
                __Lrparam 0000               _init_config 0798                  isa$xinst 0000  
__end_of_init_ssd_display 078A  
