

Microchip MPLAB XC8 Assembler V3.10 build 20250813170317 
                                                                                               Tue Feb 10 09:37:59 2026

Microchip MPLAB XC8 C Compiler v3.10 (Free license) build 20250813170317 Og1 
     1                           	processor	18F4580
     2                           	fnconf	rparam,??,?,0
     3                           	pagewidth 120
     4                           	opt	flic
     5                           	psect	cinit,global,reloc=2,class=CODE,space=0,delta=1
     6                           	psect	cstackCOMRAM,global,class=COMRAM,space=1,delta=1,lowdata,noexec
     7                           	psect	text0,global,reloc=2,class=CODE,space=0,delta=1
     8                           	psect	smallconst,global,reloc=2,class=SMALLCONST,space=0,delta=1,noexec
     9                           	psect	intsave_regs,global,class=BIGRAM,space=1,delta=1,noexec
    10                           	psect	rparam,global,class=COMRAM,space=1,delta=1,noexec
    11   000000                     
    12                           ; Generated 17/01/2025 GMT
    13                           ; 
    14                           ; Copyright © 2025, Microchip Technology Inc. and its subsidiaries ("Microchip")
    15                           ; All rights reserved.
    16                           ; 
    17                           ; This software is developed by Microchip Technology Inc. and its subsidiaries ("Microch
      +                          ip").
    18                           ; 
    19                           ; Redistribution and use in source and binary forms, with or without modification, are
    20                           ; permitted provided that the following conditions are met:
    21                           ; 
    22                           ;     1. Redistributions of source code must retain the above copyright notice, this lis
      +                          t of
    23                           ;        conditions and the following disclaimer.
    24                           ; 
    25                           ;     2. Redistributions in binary form must reproduce the above copyright notice, this 
      +                          list
    26                           ;        of conditions and the following disclaimer in the documentation and/or other
    27                           ;        materials provided with the distribution. Publication is not required when
    28                           ;        this file is used in an embedded application.
    29                           ; 
    30                           ;     3. Microchip's name may not be used to endorse or promote products derived from th
      +                          is
    31                           ;        software without specific prior written permission.
    32                           ; 
    33                           ; THIS SOFTWARE IS PROVIDED BY MICROCHIP "AS IS" AND ANY EXPRESS OR IMPLIED WARRANTIES,
    34                           ; INCLUDING, BUT NOT LIMITED TO, THE IMPLIED WARRANTIES OF MERCHANTABILITY AND FITNESS F
      +                          OR
    35                           ; PURPOSE ARE DISCLAIMED.  IN NO EVENT SHALL MICROCHIP BE LIABLE FOR ANY DIRECT, INDIREC
      +                          T,
    36                           ; INCIDENTAL, SPECIAL, EXEMPLARY, OR CONSEQUENTIAL DAMAGES (INCLUDING BUT NOT LIMITED TO
    37                           ; PROCUREMENT OF SUBSTITUTE GOODS OR SERVICES; LOSS OF USE, DATA OR PROFITS; OR BUSINESS
    38                           ; INTERRUPTION) HOWSOEVER CAUSED AND ON ANY THEORY OF LIABILITY, WHETHER IN CONTRACT, ST
      +                          RICT
    39                           ; LIABILITY, OR TORT (INCLUDING NEGLIGENCE OR OTHERWISE) ARISING IN ANY WAY OUT OF THE U
      +                          SE OF
    40                           ; THIS SOFTWARE, EVEN IF ADVISED OF THE POSSIBILITY OF SUCH DAMAGE.
    41                           ; 
    42                           ; 
    43                           ; Code-generator required, PIC18F4580 Definitions
    44                           ; 
    45                           ; SFR Addresses
    46   000FE0                     bsr             equ	4064
    47   000FE9                     fsr0            equ	4073
    48   000FEA                     fsr0h           equ	4074
    49   000FE9                     fsr0l           equ	4073
    50   000FE1                     fsr1            equ	4065
    51   000FE2                     fsr1h           equ	4066
    52   000FE1                     fsr1l           equ	4065
    53   000FD9                     fsr2            equ	4057
    54   000FDA                     fsr2h           equ	4058
    55   000FD9                     fsr2l           equ	4057
    56   000FEF                     indf0           equ	4079
    57   000FE7                     indf1           equ	4071
    58   000FDF                     indf2           equ	4063
    59   000FF2                     intcon          equ	4082
    60   000000                     nvmcon          equ	0
    61   000FF9                     pcl             equ	4089
    62   000FFA                     pclath          equ	4090
    63   000FFB                     pclatu          equ	4091
    64   000FEB                     plusw0          equ	4075
    65   000FE3                     plusw1          equ	4067
    66   000FDB                     plusw2          equ	4059
    67   000FED                     postdec0        equ	4077
    68   000FE5                     postdec1        equ	4069
    69   000FDD                     postdec2        equ	4061
    70   000FEE                     postinc0        equ	4078
    71   000FE6                     postinc1        equ	4070
    72   000FDE                     postinc2        equ	4062
    73   000FEC                     preinc0         equ	4076
    74   000FE4                     preinc1         equ	4068
    75   000FDC                     preinc2         equ	4060
    76   000FF3                     prod            equ	4083
    77   000FF4                     prodh           equ	4084
    78   000FF3                     prodl           equ	4083
    79   000FD8                     status          equ	4056
    80   000FF5                     tablat          equ	4085
    81   000FF6                     tblptr          equ	4086
    82   000FF7                     tblptrh         equ	4087
    83   000FF6                     tblptrl         equ	4086
    84   000FF8                     tblptru         equ	4088
    85   000FFD                     tosl            equ	4093
    86   000FE8                     wreg            equ	4072
    87   000D60                     RXF6SIDH        equ	3424	;# 
    88   000D61                     RXF6SIDL        equ	3425	;# 
    89   000D62                     RXF6EIDH        equ	3426	;# 
    90   000D63                     RXF6EIDL        equ	3427	;# 
    91   000D64                     RXF7SIDH        equ	3428	;# 
    92   000D65                     RXF7SIDL        equ	3429	;# 
    93   000D66                     RXF7EIDH        equ	3430	;# 
    94   000D67                     RXF7EIDL        equ	3431	;# 
    95   000D68                     RXF8SIDH        equ	3432	;# 
    96   000D69                     RXF8SIDL        equ	3433	;# 
    97   000D6A                     RXF8EIDH        equ	3434	;# 
    98   000D6B                     RXF8EIDL        equ	3435	;# 
    99   000D70                     RXF9SIDH        equ	3440	;# 
   100   000D71                     RXF9SIDL        equ	3441	;# 
   101   000D72                     RXF9EIDH        equ	3442	;# 
   102   000D73                     RXF9EIDL        equ	3443	;# 
   103   000D74                     RXF10SIDH       equ	3444	;# 
   104   000D75                     RXF10SIDL       equ	3445	;# 
   105   000D76                     RXF10EIDH       equ	3446	;# 
   106   000D77                     RXF10EIDL       equ	3447	;# 
   107   000D78                     RXF11SIDH       equ	3448	;# 
   108   000D79                     RXF11SIDL       equ	3449	;# 
   109   000D7A                     RXF11EIDH       equ	3450	;# 
   110   000D7B                     RXF11EIDL       equ	3451	;# 
   111   000D80                     RXF12SIDH       equ	3456	;# 
   112   000D81                     RXF12SIDL       equ	3457	;# 
   113   000D82                     RXF12EIDH       equ	3458	;# 
   114   000D83                     RXF12EIDL       equ	3459	;# 
   115   000D84                     RXF13SIDH       equ	3460	;# 
   116   000D85                     RXF13SIDL       equ	3461	;# 
   117   000D86                     RXF13EIDH       equ	3462	;# 
   118   000D87                     RXF13EIDL       equ	3463	;# 
   119   000D88                     RXF14SIDH       equ	3464	;# 
   120   000D89                     RXF14SIDL       equ	3465	;# 
   121   000D8A                     RXF14EIDH       equ	3466	;# 
   122   000D8B                     RXF14EIDL       equ	3467	;# 
   123   000D90                     RXF15SIDH       equ	3472	;# 
   124   000D91                     RXF15SIDL       equ	3473	;# 
   125   000D92                     RXF15EIDH       equ	3474	;# 
   126   000D93                     RXF15EIDL       equ	3475	;# 
   127   000DD4                     RXFCON0         equ	3540	;# 
   128   000DD5                     RXFCON1         equ	3541	;# 
   129   000DD8                     SDFLC           equ	3544	;# 
   130   000DE0                     RXFBCON0        equ	3552	;# 
   131   000DE1                     RXFBCON1        equ	3553	;# 
   132   000DE2                     RXFBCON2        equ	3554	;# 
   133   000DE3                     RXFBCON3        equ	3555	;# 
   134   000DE4                     RXFBCON4        equ	3556	;# 
   135   000DE5                     RXFBCON5        equ	3557	;# 
   136   000DE6                     RXFBCON6        equ	3558	;# 
   137   000DE7                     RXFBCON7        equ	3559	;# 
   138   000DF0                     MSEL0           equ	3568	;# 
   139   000DF1                     MSEL1           equ	3569	;# 
   140   000DF2                     MSEL2           equ	3570	;# 
   141   000DF3                     MSEL3           equ	3571	;# 
   142   000DF8                     BSEL0           equ	3576	;# 
   143   000DFA                     BIE0            equ	3578	;# 
   144   000DFC                     TXBIE           equ	3580	;# 
   145   000E20                     B0CON           equ	3616	;# 
   146   000E21                     B0SIDH          equ	3617	;# 
   147   000E22                     B0SIDL          equ	3618	;# 
   148   000E23                     B0EIDH          equ	3619	;# 
   149   000E24                     B0EIDL          equ	3620	;# 
   150   000E25                     B0DLC           equ	3621	;# 
   151   000E26                     B0D0            equ	3622	;# 
   152   000E27                     B0D1            equ	3623	;# 
   153   000E28                     B0D2            equ	3624	;# 
   154   000E29                     B0D3            equ	3625	;# 
   155   000E2A                     B0D4            equ	3626	;# 
   156   000E2B                     B0D5            equ	3627	;# 
   157   000E2C                     B0D6            equ	3628	;# 
   158   000E2D                     B0D7            equ	3629	;# 
   159   000E2E                     CANSTAT_RO9     equ	3630	;# 
   160   000E2F                     CANCON_RO9      equ	3631	;# 
   161   000E30                     B1CON           equ	3632	;# 
   162   000E31                     B1SIDH          equ	3633	;# 
   163   000E32                     B1SIDL          equ	3634	;# 
   164   000E33                     B1EIDH          equ	3635	;# 
   165   000E34                     B1EIDL          equ	3636	;# 
   166   000E35                     B1DLC           equ	3637	;# 
   167   000E36                     B1D0            equ	3638	;# 
   168   000E37                     B1D1            equ	3639	;# 
   169   000E38                     B1D2            equ	3640	;# 
   170   000E39                     B1D3            equ	3641	;# 
   171   000E3A                     B1D4            equ	3642	;# 
   172   000E3B                     B1D5            equ	3643	;# 
   173   000E3C                     B1D6            equ	3644	;# 
   174   000E3D                     B1D7            equ	3645	;# 
   175   000E3E                     CANSTAT_RO8     equ	3646	;# 
   176   000E3F                     CANCON_RO8      equ	3647	;# 
   177   000E40                     B2CON           equ	3648	;# 
   178   000E41                     B2SIDH          equ	3649	;# 
   179   000E42                     B2SIDL          equ	3650	;# 
   180   000E43                     B2EIDH          equ	3651	;# 
   181   000E44                     B2EIDL          equ	3652	;# 
   182   000E45                     B2DLC           equ	3653	;# 
   183   000E46                     B2D0            equ	3654	;# 
   184   000E47                     B2D1            equ	3655	;# 
   185   000E48                     B2D2            equ	3656	;# 
   186   000E49                     B2D3            equ	3657	;# 
   187   000E4A                     B2D4            equ	3658	;# 
   188   000E4B                     B2D5            equ	3659	;# 
   189   000E4C                     B2D6            equ	3660	;# 
   190   000E4D                     B2D7            equ	3661	;# 
   191   000E4E                     CANSTAT_RO7     equ	3662	;# 
   192   000E4F                     CANCON_RO7      equ	3663	;# 
   193   000E50                     B3CON           equ	3664	;# 
   194   000E51                     B3SIDH          equ	3665	;# 
   195   000E52                     B3SIDL          equ	3666	;# 
   196   000E53                     B3EIDH          equ	3667	;# 
   197   000E54                     B3EIDL          equ	3668	;# 
   198   000E55                     B3DLC           equ	3669	;# 
   199   000E56                     B3D0            equ	3670	;# 
   200   000E57                     B3D1            equ	3671	;# 
   201   000E58                     B3D2            equ	3672	;# 
   202   000E59                     B3D3            equ	3673	;# 
   203   000E5A                     B3D4            equ	3674	;# 
   204   000E5B                     B3D5            equ	3675	;# 
   205   000E5C                     B3D6            equ	3676	;# 
   206   000E5D                     B3D7            equ	3677	;# 
   207   000E5E                     CANSTAT_RO6     equ	3678	;# 
   208   000E5F                     CANCON_RO6      equ	3679	;# 
   209   000E60                     B4CON           equ	3680	;# 
   210   000E61                     B4SIDH          equ	3681	;# 
   211   000E62                     B4SIDL          equ	3682	;# 
   212   000E63                     B4EIDH          equ	3683	;# 
   213   000E64                     B4EIDL          equ	3684	;# 
   214   000E65                     B4DLC           equ	3685	;# 
   215   000E66                     B4D0            equ	3686	;# 
   216   000E67                     B4D1            equ	3687	;# 
   217   000E68                     B4D2            equ	3688	;# 
   218   000E69                     B4D3            equ	3689	;# 
   219   000E6A                     B4D4            equ	3690	;# 
   220   000E6B                     B4D5            equ	3691	;# 
   221   000E6C                     B4D6            equ	3692	;# 
   222   000E6D                     B4D7            equ	3693	;# 
   223   000E6E                     CANSTAT_RO5     equ	3694	;# 
   224   000E6F                     CANCON_RO5      equ	3695	;# 
   225   000E70                     B5CON           equ	3696	;# 
   226   000E71                     B5SIDH          equ	3697	;# 
   227   000E72                     B5SIDL          equ	3698	;# 
   228   000E73                     B5EIDH          equ	3699	;# 
   229   000E74                     B5EIDL          equ	3700	;# 
   230   000E75                     B5DLC           equ	3701	;# 
   231   000E76                     B5D0            equ	3702	;# 
   232   000E77                     B5D1            equ	3703	;# 
   233   000E78                     B5D2            equ	3704	;# 
   234   000E79                     B5D3            equ	3705	;# 
   235   000E7A                     B5D4            equ	3706	;# 
   236   000E7B                     B5D5            equ	3707	;# 
   237   000E7C                     B5D6            equ	3708	;# 
   238   000E7D                     B5D7            equ	3709	;# 
   239   000E7E                     CANSTAT_RO4     equ	3710	;# 
   240   000E7F                     CANCON_RO4      equ	3711	;# 
   241   000F00                     RXF0SIDH        equ	3840	;# 
   242   000F01                     RXF0SIDL        equ	3841	;# 
   243   000F02                     RXF0EIDH        equ	3842	;# 
   244   000F03                     RXF0EIDL        equ	3843	;# 
   245   000F04                     RXF1SIDH        equ	3844	;# 
   246   000F05                     RXF1SIDL        equ	3845	;# 
   247   000F06                     RXF1EIDH        equ	3846	;# 
   248   000F07                     RXF1EIDL        equ	3847	;# 
   249   000F08                     RXF2SIDH        equ	3848	;# 
   250   000F09                     RXF2SIDL        equ	3849	;# 
   251   000F0A                     RXF2EIDH        equ	3850	;# 
   252   000F0B                     RXF2EIDL        equ	3851	;# 
   253   000F0C                     RXF3SIDH        equ	3852	;# 
   254   000F0D                     RXF3SIDL        equ	3853	;# 
   255   000F0E                     RXF3EIDH        equ	3854	;# 
   256   000F0F                     RXF3EIDL        equ	3855	;# 
   257   000F10                     RXF4SIDH        equ	3856	;# 
   258   000F11                     RXF4SIDL        equ	3857	;# 
   259   000F12                     RXF4EIDH        equ	3858	;# 
   260   000F13                     RXF4EIDL        equ	3859	;# 
   261   000F14                     RXF5SIDH        equ	3860	;# 
   262   000F15                     RXF5SIDL        equ	3861	;# 
   263   000F16                     RXF5EIDH        equ	3862	;# 
   264   000F17                     RXF5EIDL        equ	3863	;# 
   265   000F18                     RXM0SIDH        equ	3864	;# 
   266   000F19                     RXM0SIDL        equ	3865	;# 
   267   000F1A                     RXM0EIDH        equ	3866	;# 
   268   000F1B                     RXM0EIDL        equ	3867	;# 
   269   000F1C                     RXM1SIDH        equ	3868	;# 
   270   000F1D                     RXM1SIDL        equ	3869	;# 
   271   000F1E                     RXM1EIDH        equ	3870	;# 
   272   000F1F                     RXM1EIDL        equ	3871	;# 
   273   000F20                     TXB2CON         equ	3872	;# 
   274   000F21                     TXB2SIDH        equ	3873	;# 
   275   000F22                     TXB2SIDL        equ	3874	;# 
   276   000F23                     TXB2EIDH        equ	3875	;# 
   277   000F24                     TXB2EIDL        equ	3876	;# 
   278   000F25                     TXB2DLC         equ	3877	;# 
   279   000F26                     TXB2D0          equ	3878	;# 
   280   000F27                     TXB2D1          equ	3879	;# 
   281   000F28                     TXB2D2          equ	3880	;# 
   282   000F29                     TXB2D3          equ	3881	;# 
   283   000F2A                     TXB2D4          equ	3882	;# 
   284   000F2B                     TXB2D5          equ	3883	;# 
   285   000F2C                     TXB2D6          equ	3884	;# 
   286   000F2D                     TXB2D7          equ	3885	;# 
   287   000F2E                     CANSTAT_RO3     equ	3886	;# 
   288   000F2F                     CANCON_RO3      equ	3887	;# 
   289   000F30                     TXB1CON         equ	3888	;# 
   290   000F31                     TXB1SIDH        equ	3889	;# 
   291   000F32                     TXB1SIDL        equ	3890	;# 
   292   000F33                     TXB1EIDH        equ	3891	;# 
   293   000F34                     TXB1EIDL        equ	3892	;# 
   294   000F35                     TXB1DLC         equ	3893	;# 
   295   000F36                     TXB1D0          equ	3894	;# 
   296   000F37                     TXB1D1          equ	3895	;# 
   297   000F38                     TXB1D2          equ	3896	;# 
   298   000F39                     TXB1D3          equ	3897	;# 
   299   000F3A                     TXB1D4          equ	3898	;# 
   300   000F3B                     TXB1D5          equ	3899	;# 
   301   000F3C                     TXB1D6          equ	3900	;# 
   302   000F3D                     TXB1D7          equ	3901	;# 
   303   000F3E                     CANSTAT_RO2     equ	3902	;# 
   304   000F3F                     CANCON_RO2      equ	3903	;# 
   305   000F40                     TXB0CON         equ	3904	;# 
   306   000F41                     TXB0SIDH        equ	3905	;# 
   307   000F42                     TXB0SIDL        equ	3906	;# 
   308   000F43                     TXB0EIDH        equ	3907	;# 
   309   000F44                     TXB0EIDL        equ	3908	;# 
   310   000F45                     TXB0DLC         equ	3909	;# 
   311   000F46                     TXB0D0          equ	3910	;# 
   312   000F47                     TXB0D1          equ	3911	;# 
   313   000F48                     TXB0D2          equ	3912	;# 
   314   000F49                     TXB0D3          equ	3913	;# 
   315   000F4A                     TXB0D4          equ	3914	;# 
   316   000F4B                     TXB0D5          equ	3915	;# 
   317   000F4C                     TXB0D6          equ	3916	;# 
   318   000F4D                     TXB0D7          equ	3917	;# 
   319   000F4E                     CANSTAT_RO1     equ	3918	;# 
   320   000F4F                     CANCON_RO1      equ	3919	;# 
   321   000F50                     RXB1CON         equ	3920	;# 
   322   000F51                     RXB1SIDH        equ	3921	;# 
   323   000F52                     RXB1SIDL        equ	3922	;# 
   324   000F53                     RXB1EIDH        equ	3923	;# 
   325   000F54                     RXB1EIDL        equ	3924	;# 
   326   000F55                     RXB1DLC         equ	3925	;# 
   327   000F56                     RXB1D0          equ	3926	;# 
   328   000F57                     RXB1D1          equ	3927	;# 
   329   000F58                     RXB1D2          equ	3928	;# 
   330   000F59                     RXB1D3          equ	3929	;# 
   331   000F5A                     RXB1D4          equ	3930	;# 
   332   000F5B                     RXB1D5          equ	3931	;# 
   333   000F5C                     RXB1D6          equ	3932	;# 
   334   000F5D                     RXB1D7          equ	3933	;# 
   335   000F5E                     CANSTAT_RO0     equ	3934	;# 
   336   000F5F                     CANCON_RO0      equ	3935	;# 
   337   000F60                     RXB0CON         equ	3936	;# 
   338   000F61                     RXB0SIDH        equ	3937	;# 
   339   000F62                     RXB0SIDL        equ	3938	;# 
   340   000F63                     RXB0EIDH        equ	3939	;# 
   341   000F64                     RXB0EIDL        equ	3940	;# 
   342   000F65                     RXB0DLC         equ	3941	;# 
   343   000F66                     RXB0D0          equ	3942	;# 
   344   000F67                     RXB0D1          equ	3943	;# 
   345   000F68                     RXB0D2          equ	3944	;# 
   346   000F69                     RXB0D3          equ	3945	;# 
   347   000F6A                     RXB0D4          equ	3946	;# 
   348   000F6B                     RXB0D5          equ	3947	;# 
   349   000F6C                     RXB0D6          equ	3948	;# 
   350   000F6D                     RXB0D7          equ	3949	;# 
   351   000F6E                     CANSTAT         equ	3950	;# 
   352   000F6F                     CANCON          equ	3951	;# 
   353   000F70                     BRGCON1         equ	3952	;# 
   354   000F71                     BRGCON2         equ	3953	;# 
   355   000F72                     BRGCON3         equ	3954	;# 
   356   000F73                     CIOCON          equ	3955	;# 
   357   000F74                     COMSTAT         equ	3956	;# 
   358   000F75                     RXERRCNT        equ	3957	;# 
   359   000F76                     TXERRCNT        equ	3958	;# 
   360   000F77                     ECANCON         equ	3959	;# 
   361   000F80                     PORTA           equ	3968	;# 
   362   000F81                     PORTB           equ	3969	;# 
   363   000F82                     PORTC           equ	3970	;# 
   364   000F83                     PORTD           equ	3971	;# 
   365   000F84                     PORTE           equ	3972	;# 
   366   000F89                     LATA            equ	3977	;# 
   367   000F8A                     LATB            equ	3978	;# 
   368   000F8B                     LATC            equ	3979	;# 
   369   000F8C                     LATD            equ	3980	;# 
   370   000F8D                     LATE            equ	3981	;# 
   371   000F92                     TRISA           equ	3986	;# 
   372   000F92                     DDRA            equ	3986	;# 
   373   000F93                     TRISB           equ	3987	;# 
   374   000F93                     DDRB            equ	3987	;# 
   375   000F94                     TRISC           equ	3988	;# 
   376   000F94                     DDRC            equ	3988	;# 
   377   000F95                     TRISD           equ	3989	;# 
   378   000F95                     DDRD            equ	3989	;# 
   379   000F96                     TRISE           equ	3990	;# 
   380   000F96                     DDRE            equ	3990	;# 
   381   000F9B                     OSCTUNE         equ	3995	;# 
   382   000F9D                     PIE1            equ	3997	;# 
   383   000F9E                     PIR1            equ	3998	;# 
   384   000F9F                     IPR1            equ	3999	;# 
   385   000FA0                     PIE2            equ	4000	;# 
   386   000FA1                     PIR2            equ	4001	;# 
   387   000FA2                     IPR2            equ	4002	;# 
   388   000FA3                     PIE3            equ	4003	;# 
   389   000FA4                     PIR3            equ	4004	;# 
   390   000FA5                     IPR3            equ	4005	;# 
   391   000FA6                     EECON1          equ	4006	;# 
   392   000FA7                     EECON2          equ	4007	;# 
   393   000FA8                     EEDATA          equ	4008	;# 
   394   000FA9                     EEADR           equ	4009	;# 
   395   000FAB                     RCSTA           equ	4011	;# 
   396   000FAB                     RCSTA1          equ	4011	;# 
   397   000FAC                     TXSTA           equ	4012	;# 
   398   000FAC                     TXSTA1          equ	4012	;# 
   399   000FAD                     TXREG           equ	4013	;# 
   400   000FAD                     TXREG1          equ	4013	;# 
   401   000FAE                     RCREG           equ	4014	;# 
   402   000FAE                     RCREG1          equ	4014	;# 
   403   000FAF                     SPBRG           equ	4015	;# 
   404   000FAF                     SPBRG1          equ	4015	;# 
   405   000FB0                     SPBRGH          equ	4016	;# 
   406   000FB1                     T3CON           equ	4017	;# 
   407   000FB2                     TMR3            equ	4018	;# 
   408   000FB2                     TMR3L           equ	4018	;# 
   409   000FB3                     TMR3H           equ	4019	;# 
   410   000FB4                     CMCON           equ	4020	;# 
   411   000FB5                     CVRCON          equ	4021	;# 
   412   000FB6                     ECCP1AS         equ	4022	;# 
   413   000FB7                     ECCP1DEL        equ	4023	;# 
   414   000FB8                     BAUDCON         equ	4024	;# 
   415   000FB8                     BAUDCTL         equ	4024	;# 
   416   000FBA                     ECCP1CON        equ	4026	;# 
   417   000FBB                     ECCPR1          equ	4027	;# 
   418   000FBB                     ECCPR1L         equ	4027	;# 
   419   000FBC                     ECCPR1H         equ	4028	;# 
   420   000FBD                     CCP1CON         equ	4029	;# 
   421   000FBE                     CCPR1           equ	4030	;# 
   422   000FBE                     CCPR1L          equ	4030	;# 
   423   000FBF                     CCPR1H          equ	4031	;# 
   424   000FC0                     ADCON2          equ	4032	;# 
   425   000FC1                     ADCON1          equ	4033	;# 
   426   000FC2                     ADCON0          equ	4034	;# 
   427   000FC3                     ADRES           equ	4035	;# 
   428   000FC3                     ADRESL          equ	4035	;# 
   429   000FC4                     ADRESH          equ	4036	;# 
   430   000FC5                     SSPCON2         equ	4037	;# 
   431   000FC6                     SSPCON1         equ	4038	;# 
   432   000FC7                     SSPSTAT         equ	4039	;# 
   433   000FC8                     SSPADD          equ	4040	;# 
   434   000FC9                     SSPBUF          equ	4041	;# 
   435   000FCA                     T2CON           equ	4042	;# 
   436   000FCB                     PR2             equ	4043	;# 
   437   000FCB                     MEMCON          equ	4043	;# 
   438   000FCC                     TMR2            equ	4044	;# 
   439   000FCD                     T1CON           equ	4045	;# 
   440   000FCE                     TMR1            equ	4046	;# 
   441   000FCE                     TMR1L           equ	4046	;# 
   442   000FCF                     TMR1H           equ	4047	;# 
   443   000FD0                     RCON            equ	4048	;# 
   444   000FD1                     WDTCON          equ	4049	;# 
   445   000FD2                     HLVDCON         equ	4050	;# 
   446   000FD2                     LVDCON          equ	4050	;# 
   447   000FD3                     OSCCON          equ	4051	;# 
   448   000FD5                     T0CON           equ	4053	;# 
   449   000FD6                     TMR0            equ	4054	;# 
   450   000FD6                     TMR0L           equ	4054	;# 
   451   000FD7                     TMR0H           equ	4055	;# 
   452   000FD8                     STATUS          equ	4056	;# 
   453   000FD9                     FSR2            equ	4057	;# 
   454   000FD9                     FSR2L           equ	4057	;# 
   455   000FDA                     FSR2H           equ	4058	;# 
   456   000FDB                     PLUSW2          equ	4059	;# 
   457   000FDC                     PREINC2         equ	4060	;# 
   458   000FDD                     POSTDEC2        equ	4061	;# 
   459   000FDE                     POSTINC2        equ	4062	;# 
   460   000FDF                     INDF2           equ	4063	;# 
   461   000FE0                     BSR             equ	4064	;# 
   462   000FE1                     FSR1            equ	4065	;# 
   463   000FE1                     FSR1L           equ	4065	;# 
   464   000FE2                     FSR1H           equ	4066	;# 
   465   000FE3                     PLUSW1          equ	4067	;# 
   466   000FE4                     PREINC1         equ	4068	;# 
   467   000FE5                     POSTDEC1        equ	4069	;# 
   468   000FE6                     POSTINC1        equ	4070	;# 
   469   000FE7                     INDF1           equ	4071	;# 
   470   000FE8                     WREG            equ	4072	;# 
   471   000FE9                     FSR0            equ	4073	;# 
   472   000FE9                     FSR0L           equ	4073	;# 
   473   000FEA                     FSR0H           equ	4074	;# 
   474   000FEB                     PLUSW0          equ	4075	;# 
   475   000FEC                     PREINC0         equ	4076	;# 
   476   000FED                     POSTDEC0        equ	4077	;# 
   477   000FEE                     POSTINC0        equ	4078	;# 
   478   000FEF                     INDF0           equ	4079	;# 
   479   000FF0                     INTCON3         equ	4080	;# 
   480   000FF1                     INTCON2         equ	4081	;# 
   481   000FF2                     INTCON          equ	4082	;# 
   482   000FF3                     PROD            equ	4083	;# 
   483   000FF3                     PRODL           equ	4083	;# 
   484   000FF4                     PRODH           equ	4084	;# 
   485   000FF5                     TABLAT          equ	4085	;# 
   486   000FF6                     TBLPTR          equ	4086	;# 
   487   000FF6                     TBLPTRL         equ	4086	;# 
   488   000FF7                     TBLPTRH         equ	4087	;# 
   489   000FF8                     TBLPTRU         equ	4088	;# 
   490   000FF9                     PCLAT           equ	4089	;# 
   491   000FF9                     PC              equ	4089	;# 
   492   000FF9                     PCL             equ	4089	;# 
   493   000FFA                     PCLATH          equ	4090	;# 
   494   000FFB                     PCLATU          equ	4091	;# 
   495   000FFC                     STKPTR          equ	4092	;# 
   496   000FFD                     TOS             equ	4093	;# 
   497   000FFD                     TOSL            equ	4093	;# 
   498   000FFE                     TOSH            equ	4094	;# 
   499   000FFF                     TOSU            equ	4095	;# 
   500   000F81                     _PORTB          set	3969
   501   000F93                     _TRISB          set	3987
   502                           
   503                           ; #config settings
   504                           
   505                           	psect	cinit
   506   0006E4                     __pcinit:
   507                           	callstack 0
   508   0006E4                     start_initialization:
   509                           	callstack 0
   510   0006E4                     __initialization:
   511                           	callstack 0
   512   0006E4                     end_of_initialization:
   513                           	callstack 0
   514   0006E4                     __end_of__initialization:
   515                           	callstack 0
   516   0006E4  0100               	movlb	0
   517   0006E6  EF01  F003         	goto	_main	;jump to C main() function
   518                           
   519                           	psect	cstackCOMRAM
   520   000001                     __pcstackCOMRAM:
   521                           	callstack 0
   522   000001                     main@delay:
   523                           	callstack 0
   524   000001                     
   525                           ; 1 bytes @ 0x0
   526   000001                     	ds	4
   527   000005                     main@i:
   528                           	callstack 0
   529                           
   530                           ; 2 bytes @ 0x4
   531   000005                     	ds	2
   532                           
   533 ;;
   534 ;;Main: autosize = 0, tempsize = 0, incstack = 0, save=0
   535 ;;
   536 ;; *************** function _main *****************
   537 ;; Defined at:
   538 ;;		line 14 in file "main.c"
   539 ;; Parameters:    Size  Location     Type
   540 ;;		None
   541 ;; Auto vars:     Size  Location     Type
   542 ;;  delay           4    0[COMRAM] unsigned long 
   543 ;;  i               2    4[COMRAM] unsigned int 
   544 ;; Return value:  Size  Location     Type
   545 ;;                  1    wreg      void 
   546 ;; Registers used:
   547 ;;		wreg, status,2, status,0
   548 ;; Tracked objects:
   549 ;;		On entry : 0/0
   550 ;;		On exit  : 0/0
   551 ;;		Unchanged: 0/0
   552 ;; Data sizes:     COMRAM   BANK0   BANK1   BANK2   BANK3   BANK4   BANK5
   553 ;;      Params:         0       0       0       0       0       0       0
   554 ;;      Locals:         6       0       0       0       0       0       0
   555 ;;      Temps:          0       0       0       0       0       0       0
   556 ;;      Totals:         6       0       0       0       0       0       0
   557 ;;Total ram usage:        6 bytes
   558 ;; This function calls:
   559 ;;		Nothing
   560 ;; This function is called by:
   561 ;;		Startup code after reset
   562 ;; This function uses a non-reentrant model
   563 ;;
   564                           
   565                           	psect	text0
   566   000602                     __ptext0:
   567                           	callstack 0
   568   000602                     _main:
   569                           	callstack 31
   570   000602                     
   571                           ;main.c: 16:     TRISB = 0x00;
   572   000602  6A93               	clrf	147,c	;volatile
   573                           
   574                           ;main.c: 17:     PORTB = 0x00;
   575   000604  6A81               	clrf	129,c	;volatile
   576   000606                     
   577                           ;main.c: 19:     unsigned int i = 0;
   578   000606  6A06               	clrf	(main@i+1)^0,c
   579   000608  0E00               	movlw	0
   580   00060A  6E05               	movwf	main@i^0,c
   581                           
   582                           ;main.c: 20:     unsigned long delay=0;
   583   00060C  0E00               	movlw	0
   584   00060E  6E01               	movwf	main@delay^0,c
   585   000610  0E00               	movlw	0
   586   000612  6E02               	movwf	(main@delay+1)^0,c
   587   000614  0E00               	movlw	0
   588   000616  6E03               	movwf	(main@delay+2)^0,c
   589   000618  0E00               	movlw	0
   590   00061A  6E04               	movwf	(main@delay+3)^0,c
   591   00061C                     l811:
   592                           
   593                           ;main.c: 23:     {;main.c: 24:         if(delay++ == 100000)
   594   00061C  0E01               	movlw	1
   595   00061E  2601               	addwf	main@delay^0,f,c
   596   000620  0E00               	movlw	0
   597   000622  2202               	addwfc	(main@delay+1)^0,f,c
   598   000624  2203               	addwfc	(main@delay+2)^0,f,c
   599   000626  2204               	addwfc	(main@delay+3)^0,f,c
   600   000628  0EA1               	movlw	161
   601   00062A  1801               	xorwf	main@delay^0,w,c
   602   00062C  E10A               	bnz	u11
   603   00062E  0E86               	movlw	134
   604   000630  1802               	xorwf	(main@delay+1)^0,w,c
   605   000632  E107               	bnz	u11
   606   000634  0403               	decf	(main@delay+2)^0,w,c
   607   000636  1004               	iorwf	(main@delay+3)^0,w,c
   608   000638  A4D8               	btfss	status,2,c
   609   00063A  EF21  F003         	goto	u11
   610   00063E  EF23  F003         	goto	u10
   611   000642                     u11:
   612   000642  EF0E  F003         	goto	l811
   613   000646                     u10:
   614   000646                     
   615                           ;main.c: 25:         {;main.c: 26:             if(i < 8)
   616   000646  5006               	movf	(main@i+1)^0,w,c
   617   000648  E107               	bnz	u21
   618   00064A  0E08               	movlw	8
   619   00064C  5C05               	subwf	main@i^0,w,c
   620   00064E  B0D8               	btfsc	status,0,c
   621   000650  EF2C  F003         	goto	u21
   622   000654  EF2E  F003         	goto	u20
   623   000658                     u21:
   624   000658  EF32  F003         	goto	l817
   625   00065C                     u20:
   626   00065C                     
   627                           ;main.c: 27:             {;main.c: 28:                 PORTB = (PORTB << 1) | 0x01;
   628   00065C  80D8               	bsf	status,0,c
   629   00065E  3681               	rlcf	129,f,c	;volatile
   630                           
   631                           ;main.c: 29:             }
   632   000660  EF64  F003         	goto	l12
   633   000664                     l817:
   634   000664  5006               	movf	(main@i+1)^0,w,c
   635   000666  E107               	bnz	u31
   636   000668  0E10               	movlw	16
   637   00066A  5C05               	subwf	main@i^0,w,c
   638   00066C  B0D8               	btfsc	status,0,c
   639   00066E  EF3B  F003         	goto	u31
   640   000672  EF3D  F003         	goto	u30
   641   000676                     u31:
   642   000676  EF42  F003         	goto	l821
   643   00067A                     u30:
   644   00067A                     
   645                           ;main.c: 31:             {;main.c: 32:                 PORTB = PORTB << 1;
   646   00067A  5081               	movf	129,w,c	;volatile
   647   00067C  2481               	addwf	129,w,c	;volatile
   648   00067E  6E81               	movwf	129,c	;volatile
   649                           
   650                           ;main.c: 33:             }
   651   000680  EF64  F003         	goto	l12
   652   000684                     l821:
   653   000684  5006               	movf	(main@i+1)^0,w,c
   654   000686  E107               	bnz	u41
   655   000688  0E18               	movlw	24
   656   00068A  5C05               	subwf	main@i^0,w,c
   657   00068C  B0D8               	btfsc	status,0,c
   658   00068E  EF4B  F003         	goto	u41
   659   000692  EF4D  F003         	goto	u40
   660   000696                     u41:
   661   000696  EF51  F003         	goto	l825
   662   00069A                     u40:
   663   00069A                     
   664                           ;main.c: 35:             {;main.c: 36:                 PORTB = (PORTB >> 1) | 0x80;
   665   00069A  80D8               	bsf	status,0,c
   666   00069C  3281               	rrcf	129,f,c	;volatile
   667                           
   668                           ;main.c: 37:             }
   669   00069E  EF64  F003         	goto	l12
   670   0006A2                     l825:
   671   0006A2  5006               	movf	(main@i+1)^0,w,c
   672   0006A4  E107               	bnz	u51
   673   0006A6  0E20               	movlw	32
   674   0006A8  5C05               	subwf	main@i^0,w,c
   675   0006AA  B0D8               	btfsc	status,0,c
   676   0006AC  EF5A  F003         	goto	u51
   677   0006B0  EF5C  F003         	goto	u50
   678   0006B4                     u51:
   679   0006B4  EF61  F003         	goto	l829
   680   0006B8                     u50:
   681   0006B8                     
   682                           ;main.c: 39:             {;main.c: 40:                 PORTB = (PORTB >> 1);
   683   0006B8  90D8               	bcf	status,0,c
   684   0006BA  3081               	rrcf	129,w,c	;volatile
   685   0006BC  6E81               	movwf	129,c	;volatile
   686                           
   687                           ;main.c: 41:             }
   688   0006BE  EF64  F003         	goto	l12
   689   0006C2                     l829:
   690                           
   691                           ;main.c: 43:             {;main.c: 44:                 i=0;
   692   0006C2  6A06               	clrf	(main@i+1)^0,c
   693   0006C4  0E00               	movlw	0
   694   0006C6  6E05               	movwf	main@i^0,c
   695   0006C8                     l12:
   696                           
   697                           ;main.c: 46:             delay=0;
   698   0006C8  0E00               	movlw	0
   699   0006CA  6E01               	movwf	main@delay^0,c
   700   0006CC  0E00               	movlw	0
   701   0006CE  6E02               	movwf	(main@delay+1)^0,c
   702   0006D0  0E00               	movlw	0
   703   0006D2  6E03               	movwf	(main@delay+2)^0,c
   704   0006D4  0E00               	movlw	0
   705   0006D6  6E04               	movwf	(main@delay+3)^0,c
   706   0006D8                     
   707                           ;main.c: 47:             i++;
   708   0006D8  4A05               	infsnz	main@i^0,f,c
   709   0006DA  2A06               	incf	(main@i+1)^0,f,c
   710   0006DC  EF0E  F003         	goto	l811
   711   0006E0  EFFE  F017         	goto	start
   712   0006E4                     __end_of_main:
   713                           	callstack 0
   714                           
   715                           	psect	smallconst
   716   000600                     __psmallconst:
   717                           	callstack 0
   718   000600  00                 	db	0
   719   000601  00                 	db	0	; dummy byte at the end
   720   000600                     __smallconst    set	__psmallconst
   721   000600                     __mediumconst   set	__psmallconst
   722   000000                     __activetblptr  equ	0
   723                           
   724                           	psect	rparam
   725   000001                     ___rparam_used  equ	1
   726   000000                     ___param_bank   equ	0
   727   000000                     __Lparam        equ	__Lrparam
   728   000000                     __Hparam        equ	__Hrparam
   729                           tosu	equ	0xFFF
   730                           tosh	equ	0xFFE
   731                           tosl	equ	0xFFD
   732                           stkptr	equ	0xFFC
   733                           pclatu	equ	0xFFB
   734                           pclath	equ	0xFFA
   735                           pcl	equ	0xFF9
   736                           tblptru	equ	0xFF8
   737                           tblptrh	equ	0xFF7
   738                           tblptrl	equ	0xFF6
   739                           tablat	equ	0xFF5
   740                           prodh	equ	0xFF4
   741                           prodl	equ	0xFF3
   742                           indf0	equ	0xFEF
   743                           postinc0	equ	0xFEE
   744                           postdec0	equ	0xFED
   745                           preinc0	equ	0xFEC
   746                           plusw0	equ	0xFEB
   747                           fsr0h	equ	0xFEA
   748                           fsr0l	equ	0xFE9
   749                           wreg	equ	0xFE8
   750                           indf1	equ	0xFE7
   751                           postinc1	equ	0xFE6
   752                           postdec1	equ	0xFE5
   753                           preinc1	equ	0xFE4
   754                           plusw1	equ	0xFE3
   755                           fsr1h	equ	0xFE2
   756                           fsr1l	equ	0xFE1
   757                           bsr	equ	0xFE0
   758                           indf2	equ	0xFDF
   759                           postinc2	equ	0xFDE
   760                           postdec2	equ	0xFDD
   761                           preinc2	equ	0xFDC
   762                           plusw2	equ	0xFDB
   763                           fsr2h	equ	0xFDA
   764                           fsr2l	equ	0xFD9
   765                           status	equ	0xFD8

Data Sizes:
    Strings     0
    Constant    0
    Data        0
    BSS         0
    Persistent  0
    Stack       0

Auto Spaces:
    Space          Size  Autos    Used
    COMRAM           95      6       6
    BANK0           160      0       0
    BANK1           256      0       0
    BANK2           256      0       0
    BANK3           256      0       0
    BANK4           256      0       0
    BANK5           256      0       0

Pointer List with Targets:

    None.

Critical Paths under _main in COMRAM

    None.

Critical Paths under _main in BANK0

    None.

Critical Paths under _main in BANK1

    None.

Critical Paths under _main in BANK2

    None.

Critical Paths under _main in BANK3

    None.

Critical Paths under _main in BANK4

    None.

Critical Paths under _main in BANK5

    None.

Call Graph Tables:

 ---------------------------------------------------------------------------------
 (Depth) Function   	        Calls       Base Space   Used Autos Params    Refs
 ---------------------------------------------------------------------------------
 (0) _main                                                 6     6      0      75
                                              0 COMRAM     6     6      0
 ---------------------------------------------------------------------------------
 Estimated maximum stack depth 0
 ---------------------------------------------------------------------------------

 Call Graph Graphs:

 _main (ROOT)

Address spaces:
Name               Size   Autos  Total    Usage
BITCOMRAM           95      0       0      0.0%
BITBANK0           160      0       0      0.0%
BITBANK1           256      0       0      0.0%
BITBANK2           256      0       0      0.0%
BITBANK3           256      0       0      0.0%
BITBANK4           256      0       0      0.0%
BITBANK5           256      0       0      0.0%
BITBIGSFRl         641      0       0      0.0%
BITBIGSFRh         126      0       0      0.0%
COMRAM              95      6       6      6.3%
BANK0              160      0       0      0.0%
BANK1              256      0       0      0.0%
BANK2              256      0       0      0.0%
BANK3              256      0       0      0.0%
BANK4              256      0       0      0.0%
BANK5              256      0       0      0.0%
BIGRAM            1535      0       0      0.0%
STACK                0      0       0      0.0%
DATA                 0      0       6      0.0%


Microchip Technology PIC18 Macro Assembler V3.10 build 20250813170317 
Symbol Table                                                                                   Tue Feb 10 09:37:59 2026

                     l12 06C8                       u10 0646                       u11 0642  
                     u20 065C                       u21 0658                       u30 067A  
                     u31 0676                       u40 069A                       u41 0696  
                     u50 06B8                       u51 06B4                      l811 061C  
                    l821 0684                      l813 0646                      l831 06D8  
                    l823 069A                      l815 065C                      l807 0602  
                    l825 06A2                      l817 0664                      l809 0606  
                    l827 06B8                      l819 067A                      l829 06C2  
                   _main 0602                     start 2FFC             ___param_bank 0000  
                  ?_main 0001                    _PORTB 0F81                    _TRISB 0F93  
                  main@i 0005                    status 0FD8          __initialization 06E4  
           __end_of_main 06E4                   ??_main 0001            __activetblptr 0000  
                 isa$std 0001             __mediumconst 0600               __accesstop 0060  
__end_of__initialization 06E4            ___rparam_used 0001           __pcstackCOMRAM 0001  
                __Hparam 0000                  __Lparam 0000             __psmallconst 0600  
                __pcinit 06E4                  __ramtop 0600                  __ptext0 0602  
   end_of_initialization 06E4      start_initialization 06E4              __smallconst 0600  
              main@delay 0001                 __Hrparam 0000                 __Lrparam 0000  
               isa$xinst 0000  
